ERROR - 2022-06-17 03:37:54 --> Error connecting to the database: No connection could be made because the target machine actively refused it.

CRITICAL - 2022-06-17 03:37:54 --> Unable to connect to the database.
Main connection [MySQLi]: No connection could be made because the target machine actively refused it.

#0 C:\xampp\htdocs\puskesmas\system\Database\BaseConnection.php(577): CodeIgniter\Database\BaseConnection->initialize()
#1 C:\xampp\htdocs\puskesmas\system\Database\BaseBuilder.php(1455): CodeIgniter\Database\BaseConnection->query('SELECT *\nFROM `...', Array, false)
#2 C:\xampp\htdocs\puskesmas\app\Models\M_poli.php(14): CodeIgniter\Database\BaseBuilder->get()
#3 C:\xampp\htdocs\puskesmas\app\Controllers\Puskesmas.php(62): App\Models\M_poli->ambilData()
#4 C:\xampp\htdocs\puskesmas\system\CodeIgniter.php(825): App\Controllers\Puskesmas->dpoli()
#5 C:\xampp\htdocs\puskesmas\system\CodeIgniter.php(412): CodeIgniter\CodeIgniter->runController(Object(App\Controllers\Puskesmas))
#6 C:\xampp\htdocs\puskesmas\system\CodeIgniter.php(320): CodeIgniter\CodeIgniter->handleRequest(NULL, Object(Config\Cache), false)
#7 C:\xampp\htdocs\puskesmas\public\index.php(37): CodeIgniter\CodeIgniter->run()
#8 C:\xampp\htdocs\puskesmas\system\Commands\Server\rewrite.php(43): require_once('C:\\xampp\\htdocs...')
#9 {main}
CRITICAL - 2022-06-17 04:10:30 --> syntax error, unexpected 'return' (T_RETURN)
#0 C:\xampp\htdocs\puskesmas\system\Router\Router.php(175): CodeIgniter\Router\Router->autoRoute('puskesmas/ddokt...')
#1 C:\xampp\htdocs\puskesmas\system\CodeIgniter.php(719): CodeIgniter\Router\Router->handle('puskesmas/ddokt...')
#2 C:\xampp\htdocs\puskesmas\system\CodeIgniter.php(361): CodeIgniter\CodeIgniter->tryToRouteIt(Object(CodeIgniter\Router\RouteCollection))
#3 C:\xampp\htdocs\puskesmas\system\CodeIgniter.php(320): CodeIgniter\CodeIgniter->handleRequest(NULL, Object(Config\Cache), false)
#4 C:\xampp\htdocs\puskesmas\public\index.php(37): CodeIgniter\CodeIgniter->run()
#5 C:\xampp\htdocs\puskesmas\system\Commands\Server\rewrite.php(43): require_once('C:\\xampp\\htdocs...')
#6 {main}
CRITICAL - 2022-06-17 04:12:33 --> Cannot use object of type stdClass as array
#0 C:\xampp\htdocs\puskesmas\system\View\View.php(210): include()
#1 C:\xampp\htdocs\puskesmas\system\View\View.php(213): CodeIgniter\View\View->CodeIgniter\View\{closure}()
#2 C:\xampp\htdocs\puskesmas\system\Common.php(1089): CodeIgniter\View\View->render('admin/v_ddokter', Array, true)
#3 C:\xampp\htdocs\puskesmas\app\Controllers\Puskesmas.php(37): view('admin/v_ddokter', Array)
#4 C:\xampp\htdocs\puskesmas\system\CodeIgniter.php(825): App\Controllers\Puskesmas->ddokter()
#5 C:\xampp\htdocs\puskesmas\system\CodeIgniter.php(412): CodeIgniter\CodeIgniter->runController(Object(App\Controllers\Puskesmas))
#6 C:\xampp\htdocs\puskesmas\system\CodeIgniter.php(320): CodeIgniter\CodeIgniter->handleRequest(NULL, Object(Config\Cache), false)
#7 C:\xampp\htdocs\puskesmas\public\index.php(37): CodeIgniter\CodeIgniter->run()
#8 C:\xampp\htdocs\puskesmas\system\Commands\Server\rewrite.php(43): require_once('C:\\xampp\\htdocs...')
#9 {main}
