ERROR - 2022-06-24 00:32:30 --> Column 'nm_dokter' cannot be null
CRITICAL - 2022-06-24 00:32:30 --> Column 'nm_dokter' cannot be null
#0 C:\xampp\htdocs\puskesmas\system\Database\MySQLi\Connection.php(292): mysqli->query('INSERT INTO `do...', 0)
#1 C:\xampp\htdocs\puskesmas\system\Database\BaseConnection.php(670): CodeIgniter\Database\MySQLi\Connection->execute('INSERT INTO `do...')
#2 C:\xampp\htdocs\puskesmas\system\Database\BaseConnection.php(598): CodeIgniter\Database\BaseConnection->simpleQuery('INSERT INTO `do...')
#3 C:\xampp\htdocs\puskesmas\system\Database\BaseBuilder.php(1771): CodeIgniter\Database\BaseConnection->query('INSERT INTO `do...', Array, false)
#4 C:\xampp\htdocs\puskesmas\app\Models\M_dokter.php(27): CodeIgniter\Database\BaseBuilder->insert(Array)
#5 C:\xampp\htdocs\puskesmas\app\Controllers\Puskesmas.php(56): App\Models\M_dokter->simpan(Array)
#6 C:\xampp\htdocs\puskesmas\system\CodeIgniter.php(825): App\Controllers\Puskesmas->tdokterAksi()
#7 C:\xampp\htdocs\puskesmas\system\CodeIgniter.php(412): CodeIgniter\CodeIgniter->runController(Object(App\Controllers\Puskesmas))
#8 C:\xampp\htdocs\puskesmas\system\CodeIgniter.php(320): CodeIgniter\CodeIgniter->handleRequest(NULL, Object(Config\Cache), false)
#9 C:\xampp\htdocs\puskesmas\public\index.php(37): CodeIgniter\CodeIgniter->run()
#10 C:\xampp\htdocs\puskesmas\system\Commands\Server\rewrite.php(43): require_once('C:\\xampp\\htdocs...')
#11 {main}
ERROR - 2022-06-24 00:33:00 --> Column 'nm_dokter' cannot be null
CRITICAL - 2022-06-24 00:33:00 --> Column 'nm_dokter' cannot be null
#0 C:\xampp\htdocs\puskesmas\system\Database\MySQLi\Connection.php(292): mysqli->query('INSERT INTO `do...', 0)
#1 C:\xampp\htdocs\puskesmas\system\Database\BaseConnection.php(670): CodeIgniter\Database\MySQLi\Connection->execute('INSERT INTO `do...')
#2 C:\xampp\htdocs\puskesmas\system\Database\BaseConnection.php(598): CodeIgniter\Database\BaseConnection->simpleQuery('INSERT INTO `do...')
#3 C:\xampp\htdocs\puskesmas\system\Database\BaseBuilder.php(1771): CodeIgniter\Database\BaseConnection->query('INSERT INTO `do...', Array, false)
#4 C:\xampp\htdocs\puskesmas\app\Models\M_dokter.php(27): CodeIgniter\Database\BaseBuilder->insert(Array)
#5 C:\xampp\htdocs\puskesmas\app\Controllers\Puskesmas.php(56): App\Models\M_dokter->simpan(Array)
#6 C:\xampp\htdocs\puskesmas\system\CodeIgniter.php(825): App\Controllers\Puskesmas->tdokterAksi()
#7 C:\xampp\htdocs\puskesmas\system\CodeIgniter.php(412): CodeIgniter\CodeIgniter->runController(Object(App\Controllers\Puskesmas))
#8 C:\xampp\htdocs\puskesmas\system\CodeIgniter.php(320): CodeIgniter\CodeIgniter->handleRequest(NULL, Object(Config\Cache), false)
#9 C:\xampp\htdocs\puskesmas\public\index.php(37): CodeIgniter\CodeIgniter->run()
#10 C:\xampp\htdocs\puskesmas\system\Commands\Server\rewrite.php(43): require_once('C:\\xampp\\htdocs...')
#11 {main}
CRITICAL - 2022-06-24 00:33:47 --> Call to a member function insert() on array
#0 C:\xampp\htdocs\puskesmas\app\Controllers\Puskesmas.php(86): App\models\M_pasien->simpan(Array)
#1 C:\xampp\htdocs\puskesmas\system\CodeIgniter.php(825): App\Controllers\Puskesmas->tpasienAksi()
#2 C:\xampp\htdocs\puskesmas\system\CodeIgniter.php(412): CodeIgniter\CodeIgniter->runController(Object(App\Controllers\Puskesmas))
#3 C:\xampp\htdocs\puskesmas\system\CodeIgniter.php(320): CodeIgniter\CodeIgniter->handleRequest(NULL, Object(Config\Cache), false)
#4 C:\xampp\htdocs\puskesmas\public\index.php(37): CodeIgniter\CodeIgniter->run()
#5 C:\xampp\htdocs\puskesmas\system\Commands\Server\rewrite.php(43): require_once('C:\\xampp\\htdocs...')
#6 {main}
CRITICAL - 2022-06-24 00:48:51 --> Call to undefined function App\Controllers\redirec()
#0 C:\xampp\htdocs\puskesmas\system\CodeIgniter.php(825): App\Controllers\Puskesmas->hpasienAksi('2')
#1 C:\xampp\htdocs\puskesmas\system\CodeIgniter.php(412): CodeIgniter\CodeIgniter->runController(Object(App\Controllers\Puskesmas))
#2 C:\xampp\htdocs\puskesmas\system\CodeIgniter.php(320): CodeIgniter\CodeIgniter->handleRequest(NULL, Object(Config\Cache), false)
#3 C:\xampp\htdocs\puskesmas\public\index.php(37): CodeIgniter\CodeIgniter->run()
#4 C:\xampp\htdocs\puskesmas\system\Commands\Server\rewrite.php(43): require_once('C:\\xampp\\htdocs...')
#5 {main}
CRITICAL - 2022-06-24 21:52:22 --> Undefined variable: dpoli
#0 C:\xampp\htdocs\puskesmas\app\Views\admin\v_tdokter.php(45): CodeIgniter\Debug\Exceptions->errorHandler(8, 'Undefined varia...', 'C:\\xampp\\htdocs...', 45, Array)
#1 C:\xampp\htdocs\puskesmas\system\View\View.php(210): include('C:\\xampp\\htdocs...')
#2 C:\xampp\htdocs\puskesmas\system\View\View.php(213): CodeIgniter\View\View->CodeIgniter\View\{closure}()
#3 C:\xampp\htdocs\puskesmas\system\Common.php(1089): CodeIgniter\View\View->render('admin/v_tdokter', Array, true)
#4 C:\xampp\htdocs\puskesmas\app\Controllers\Puskesmas.php(44): view('admin/v_tdokter')
#5 C:\xampp\htdocs\puskesmas\system\CodeIgniter.php(825): App\Controllers\Puskesmas->tdokter()
#6 C:\xampp\htdocs\puskesmas\system\CodeIgniter.php(412): CodeIgniter\CodeIgniter->runController(Object(App\Controllers\Puskesmas))
#7 C:\xampp\htdocs\puskesmas\system\CodeIgniter.php(320): CodeIgniter\CodeIgniter->handleRequest(NULL, Object(Config\Cache), false)
#8 C:\xampp\htdocs\puskesmas\public\index.php(37): CodeIgniter\CodeIgniter->run()
#9 C:\xampp\htdocs\puskesmas\system\Commands\Server\rewrite.php(43): require_once('C:\\xampp\\htdocs...')
#10 {main}
CRITICAL - 2022-06-24 22:11:22 --> syntax error, unexpected '<<' (T_SL)
#0 C:\xampp\htdocs\puskesmas\system\Router\Router.php(175): CodeIgniter\Router\Router->autoRoute('puskesmas/ddokt...')
#1 C:\xampp\htdocs\puskesmas\system\CodeIgniter.php(719): CodeIgniter\Router\Router->handle('puskesmas/ddokt...')
#2 C:\xampp\htdocs\puskesmas\system\CodeIgniter.php(361): CodeIgniter\CodeIgniter->tryToRouteIt(Object(CodeIgniter\Router\RouteCollection))
#3 C:\xampp\htdocs\puskesmas\system\CodeIgniter.php(320): CodeIgniter\CodeIgniter->handleRequest(NULL, Object(Config\Cache), false)
#4 C:\xampp\htdocs\puskesmas\public\index.php(37): CodeIgniter\CodeIgniter->run()
#5 C:\xampp\htdocs\puskesmas\system\Commands\Server\rewrite.php(43): require_once('C:\\xampp\\htdocs...')
#6 {main}
CRITICAL - 2022-06-24 22:11:24 --> syntax error, unexpected '<<' (T_SL)
#0 C:\xampp\htdocs\puskesmas\system\Router\Router.php(175): CodeIgniter\Router\Router->autoRoute('puskesmas/dpoli')
#1 C:\xampp\htdocs\puskesmas\system\CodeIgniter.php(719): CodeIgniter\Router\Router->handle('puskesmas/dpoli')
#2 C:\xampp\htdocs\puskesmas\system\CodeIgniter.php(361): CodeIgniter\CodeIgniter->tryToRouteIt(Object(CodeIgniter\Router\RouteCollection))
#3 C:\xampp\htdocs\puskesmas\system\CodeIgniter.php(320): CodeIgniter\CodeIgniter->handleRequest(NULL, Object(Config\Cache), false)
#4 C:\xampp\htdocs\puskesmas\public\index.php(37): CodeIgniter\CodeIgniter->run()
#5 C:\xampp\htdocs\puskesmas\system\Commands\Server\rewrite.php(43): require_once('C:\\xampp\\htdocs...')
#6 {main}
CRITICAL - 2022-06-24 22:11:27 --> syntax error, unexpected '<<' (T_SL)
#0 C:\xampp\htdocs\puskesmas\system\Router\Router.php(175): CodeIgniter\Router\Router->autoRoute('puskesmas/upoli...')
#1 C:\xampp\htdocs\puskesmas\system\CodeIgniter.php(719): CodeIgniter\Router\Router->handle('puskesmas/upoli...')
#2 C:\xampp\htdocs\puskesmas\system\CodeIgniter.php(361): CodeIgniter\CodeIgniter->tryToRouteIt(Object(CodeIgniter\Router\RouteCollection))
#3 C:\xampp\htdocs\puskesmas\system\CodeIgniter.php(320): CodeIgniter\CodeIgniter->handleRequest(NULL, Object(Config\Cache), false)
#4 C:\xampp\htdocs\puskesmas\public\index.php(37): CodeIgniter\CodeIgniter->run()
#5 C:\xampp\htdocs\puskesmas\system\Commands\Server\rewrite.php(43): require_once('C:\\xampp\\htdocs...')
#6 {main}
CRITICAL - 2022-06-24 22:16:38 --> Undefined variable: dpoli
#0 C:\xampp\htdocs\puskesmas\app\Views\admin\v_tdokter.php(45): CodeIgniter\Debug\Exceptions->errorHandler(8, 'Undefined varia...', 'C:\\xampp\\htdocs...', 45, Array)
#1 C:\xampp\htdocs\puskesmas\system\View\View.php(210): include('C:\\xampp\\htdocs...')
#2 C:\xampp\htdocs\puskesmas\system\View\View.php(213): CodeIgniter\View\View->CodeIgniter\View\{closure}()
#3 C:\xampp\htdocs\puskesmas\system\Common.php(1089): CodeIgniter\View\View->render('admin/v_tdokter', Array, true)
#4 C:\xampp\htdocs\puskesmas\app\Controllers\Puskesmas.php(44): view('admin/v_tdokter')
#5 C:\xampp\htdocs\puskesmas\system\CodeIgniter.php(825): App\Controllers\Puskesmas->tdokter()
#6 C:\xampp\htdocs\puskesmas\system\CodeIgniter.php(412): CodeIgniter\CodeIgniter->runController(Object(App\Controllers\Puskesmas))
#7 C:\xampp\htdocs\puskesmas\system\CodeIgniter.php(320): CodeIgniter\CodeIgniter->handleRequest(NULL, Object(Config\Cache), false)
#8 C:\xampp\htdocs\puskesmas\public\index.php(37): CodeIgniter\CodeIgniter->run()
#9 C:\xampp\htdocs\puskesmas\system\Commands\Server\rewrite.php(43): require_once('C:\\xampp\\htdocs...')
#10 {main}
CRITICAL - 2022-06-24 22:16:46 --> Undefined property: App\Controllers\Puskesmas::$M_jadwal
#0 C:\xampp\htdocs\puskesmas\app\Controllers\Puskesmas.php(77): CodeIgniter\Debug\Exceptions->errorHandler(8, 'Undefined prope...', 'C:\\xampp\\htdocs...', 77, Array)
#1 C:\xampp\htdocs\puskesmas\system\CodeIgniter.php(825): App\Controllers\Puskesmas->udokter('13')
#2 C:\xampp\htdocs\puskesmas\system\CodeIgniter.php(412): CodeIgniter\CodeIgniter->runController(Object(App\Controllers\Puskesmas))
#3 C:\xampp\htdocs\puskesmas\system\CodeIgniter.php(320): CodeIgniter\CodeIgniter->handleRequest(NULL, Object(Config\Cache), false)
#4 C:\xampp\htdocs\puskesmas\public\index.php(37): CodeIgniter\CodeIgniter->run()
#5 C:\xampp\htdocs\puskesmas\system\Commands\Server\rewrite.php(43): require_once('C:\\xampp\\htdocs...')
#6 {main}
