CRITICAL - 2022-06-25 01:19:36 --> unlink(image/1655900543_27144af4cc3fcb3e5347.jpg): No such file or directory
#0 [internal function]: CodeIgniter\Debug\Exceptions->errorHandler(2, 'unlink(image/16...', 'C:\\xampp\\htdocs...', 76, Array)
#1 C:\xampp\htdocs\puskesmas\app\Controllers\Puskesmas.php(76): unlink('image/165590054...')
#2 C:\xampp\htdocs\puskesmas\system\CodeIgniter.php(825): App\Controllers\Puskesmas->hdokterAksi('13')
#3 C:\xampp\htdocs\puskesmas\system\CodeIgniter.php(412): CodeIgniter\CodeIgniter->runController(Object(App\Controllers\Puskesmas))
#4 C:\xampp\htdocs\puskesmas\system\CodeIgniter.php(320): CodeIgniter\CodeIgniter->handleRequest(NULL, Object(Config\Cache), false)
#5 C:\xampp\htdocs\puskesmas\public\index.php(37): CodeIgniter\CodeIgniter->run()
#6 C:\xampp\htdocs\puskesmas\system\Commands\Server\rewrite.php(43): require_once('C:\\xampp\\htdocs...')
#7 {main}
CRITICAL - 2022-06-25 01:31:27 --> The original file is not a valid file.
#0 C:\xampp\htdocs\puskesmas\system\HTTP\Files\UploadedFile.php(137): CodeIgniter\HTTP\Exceptions\HTTPException::forInvalidFile()
#1 C:\xampp\htdocs\puskesmas\app\Controllers\Puskesmas.php(57): CodeIgniter\HTTP\Files\UploadedFile->move('image/', '1656138687_1b65...')
#2 C:\xampp\htdocs\puskesmas\system\CodeIgniter.php(825): App\Controllers\Puskesmas->tdokterAksi()
#3 C:\xampp\htdocs\puskesmas\system\CodeIgniter.php(412): CodeIgniter\CodeIgniter->runController(Object(App\Controllers\Puskesmas))
#4 C:\xampp\htdocs\puskesmas\system\CodeIgniter.php(320): CodeIgniter\CodeIgniter->handleRequest(NULL, Object(Config\Cache), false)
#5 C:\xampp\htdocs\puskesmas\public\index.php(37): CodeIgniter\CodeIgniter->run()
#6 C:\xampp\htdocs\puskesmas\system\Commands\Server\rewrite.php(43): require_once('C:\\xampp\\htdocs...')
#7 {main}
CRITICAL - 2022-06-25 01:33:29 --> The original file is not a valid file.
#0 C:\xampp\htdocs\puskesmas\system\HTTP\Files\UploadedFile.php(137): CodeIgniter\HTTP\Exceptions\HTTPException::forInvalidFile()
#1 C:\xampp\htdocs\puskesmas\app\Controllers\Puskesmas.php(57): CodeIgniter\HTTP\Files\UploadedFile->move('image/', '1656138809_1085...')
#2 C:\xampp\htdocs\puskesmas\system\CodeIgniter.php(825): App\Controllers\Puskesmas->tdokterAksi()
#3 C:\xampp\htdocs\puskesmas\system\CodeIgniter.php(412): CodeIgniter\CodeIgniter->runController(Object(App\Controllers\Puskesmas))
#4 C:\xampp\htdocs\puskesmas\system\CodeIgniter.php(320): CodeIgniter\CodeIgniter->handleRequest(NULL, Object(Config\Cache), false)
#5 C:\xampp\htdocs\puskesmas\public\index.php(37): CodeIgniter\CodeIgniter->run()
#6 C:\xampp\htdocs\puskesmas\system\Commands\Server\rewrite.php(43): require_once('C:\\xampp\\htdocs...')
#7 {main}
CRITICAL - 2022-06-25 01:34:23 --> Call to undefined method App\Models\M_dokter::ubah
#0 C:\xampp\htdocs\puskesmas\app\Controllers\Puskesmas.php(102): CodeIgniter\Model->__call('ubah', Array)
#1 C:\xampp\htdocs\puskesmas\system\CodeIgniter.php(825): App\Controllers\Puskesmas->udokterAksi()
#2 C:\xampp\htdocs\puskesmas\system\CodeIgniter.php(412): CodeIgniter\CodeIgniter->runController(Object(App\Controllers\Puskesmas))
#3 C:\xampp\htdocs\puskesmas\system\CodeIgniter.php(320): CodeIgniter\CodeIgniter->handleRequest(NULL, Object(Config\Cache), false)
#4 C:\xampp\htdocs\puskesmas\public\index.php(37): CodeIgniter\CodeIgniter->run()
#5 C:\xampp\htdocs\puskesmas\system\Commands\Server\rewrite.php(43): require_once('C:\\xampp\\htdocs...')
#6 {main}
CRITICAL - 2022-06-25 01:51:02 --> Call to undefined method App\Models\M_dokter::ubah
#0 C:\xampp\htdocs\puskesmas\app\Controllers\Puskesmas.php(102): CodeIgniter\Model->__call('ubah', Array)
#1 C:\xampp\htdocs\puskesmas\system\CodeIgniter.php(825): App\Controllers\Puskesmas->udokterAksi()
#2 C:\xampp\htdocs\puskesmas\system\CodeIgniter.php(412): CodeIgniter\CodeIgniter->runController(Object(App\Controllers\Puskesmas))
#3 C:\xampp\htdocs\puskesmas\system\CodeIgniter.php(320): CodeIgniter\CodeIgniter->handleRequest(NULL, Object(Config\Cache), false)
#4 C:\xampp\htdocs\puskesmas\public\index.php(37): CodeIgniter\CodeIgniter->run()
#5 C:\xampp\htdocs\puskesmas\system\Commands\Server\rewrite.php(43): require_once('C:\\xampp\\htdocs...')
#6 {main}
CRITICAL - 2022-06-25 01:52:47 --> unlink(image/): Is a directory
#0 [internal function]: CodeIgniter\Debug\Exceptions->errorHandler(2, 'unlink(image/):...', 'C:\\xampp\\htdocs...', 99, Array)
#1 C:\xampp\htdocs\puskesmas\app\Controllers\Puskesmas.php(99): unlink('image/')
#2 C:\xampp\htdocs\puskesmas\system\CodeIgniter.php(825): App\Controllers\Puskesmas->udokterAksi()
#3 C:\xampp\htdocs\puskesmas\system\CodeIgniter.php(412): CodeIgniter\CodeIgniter->runController(Object(App\Controllers\Puskesmas))
#4 C:\xampp\htdocs\puskesmas\system\CodeIgniter.php(320): CodeIgniter\CodeIgniter->handleRequest(NULL, Object(Config\Cache), false)
#5 C:\xampp\htdocs\puskesmas\public\index.php(37): CodeIgniter\CodeIgniter->run()
#6 C:\xampp\htdocs\puskesmas\system\Commands\Server\rewrite.php(43): require_once('C:\\xampp\\htdocs...')
#7 {main}
CRITICAL - 2022-06-25 01:55:46 --> unlink(image/): Is a directory
#0 [internal function]: CodeIgniter\Debug\Exceptions->errorHandler(2, 'unlink(image/):...', 'C:\\xampp\\htdocs...', 99, Array)
#1 C:\xampp\htdocs\puskesmas\app\Controllers\Puskesmas.php(99): unlink('image/')
#2 C:\xampp\htdocs\puskesmas\system\CodeIgniter.php(825): App\Controllers\Puskesmas->udokterAksi()
#3 C:\xampp\htdocs\puskesmas\system\CodeIgniter.php(412): CodeIgniter\CodeIgniter->runController(Object(App\Controllers\Puskesmas))
#4 C:\xampp\htdocs\puskesmas\system\CodeIgniter.php(320): CodeIgniter\CodeIgniter->handleRequest(NULL, Object(Config\Cache), false)
#5 C:\xampp\htdocs\puskesmas\public\index.php(37): CodeIgniter\CodeIgniter->run()
#6 C:\xampp\htdocs\puskesmas\system\Commands\Server\rewrite.php(43): require_once('C:\\xampp\\htdocs...')
#7 {main}
CRITICAL - 2022-06-25 01:56:35 --> unlink(image/1656138821_d393d0542b99080d2c09.jpg): No such file or directory
#0 [internal function]: CodeIgniter\Debug\Exceptions->errorHandler(2, 'unlink(image/16...', 'C:\\xampp\\htdocs...', 75, Array)
#1 C:\xampp\htdocs\puskesmas\app\Controllers\Puskesmas.php(75): unlink('image/165613882...')
#2 C:\xampp\htdocs\puskesmas\system\CodeIgniter.php(825): App\Controllers\Puskesmas->hdokterAksi('15')
#3 C:\xampp\htdocs\puskesmas\system\CodeIgniter.php(412): CodeIgniter\CodeIgniter->runController(Object(App\Controllers\Puskesmas))
#4 C:\xampp\htdocs\puskesmas\system\CodeIgniter.php(320): CodeIgniter\CodeIgniter->handleRequest(NULL, Object(Config\Cache), false)
#5 C:\xampp\htdocs\puskesmas\public\index.php(37): CodeIgniter\CodeIgniter->run()
#6 C:\xampp\htdocs\puskesmas\system\Commands\Server\rewrite.php(43): require_once('C:\\xampp\\htdocs...')
#7 {main}
CRITICAL - 2022-06-25 02:02:59 --> Undefined property: stdClass::$kd
#0 C:\xampp\htdocs\puskesmas\app\Views\admin\v_udokter.php(40): CodeIgniter\Debug\Exceptions->errorHandler(8, 'Undefined prope...', 'C:\\xampp\\htdocs...', 40, Array)
#1 C:\xampp\htdocs\puskesmas\system\View\View.php(210): include('C:\\xampp\\htdocs...')
#2 C:\xampp\htdocs\puskesmas\system\View\View.php(213): CodeIgniter\View\View->CodeIgniter\View\{closure}()
#3 C:\xampp\htdocs\puskesmas\system\Common.php(1089): CodeIgniter\View\View->render('admin/v_udokter', Array, true)
#4 C:\xampp\htdocs\puskesmas\app\Controllers\Puskesmas.php(87): view('admin/v_udokter', Array)
#5 C:\xampp\htdocs\puskesmas\system\CodeIgniter.php(825): App\Controllers\Puskesmas->udokter('17')
#6 C:\xampp\htdocs\puskesmas\system\CodeIgniter.php(412): CodeIgniter\CodeIgniter->runController(Object(App\Controllers\Puskesmas))
#7 C:\xampp\htdocs\puskesmas\system\CodeIgniter.php(320): CodeIgniter\CodeIgniter->handleRequest(NULL, Object(Config\Cache), false)
#8 C:\xampp\htdocs\puskesmas\public\index.php(37): CodeIgniter\CodeIgniter->run()
#9 C:\xampp\htdocs\puskesmas\system\Commands\Server\rewrite.php(43): require_once('C:\\xampp\\htdocs...')
#10 {main}
CRITICAL - 2022-06-25 02:03:27 --> Undefined property: stdClass::$dokter
#0 C:\xampp\htdocs\puskesmas\app\Views\admin\v_udokter.php(40): CodeIgniter\Debug\Exceptions->errorHandler(8, 'Undefined prope...', 'C:\\xampp\\htdocs...', 40, Array)
#1 C:\xampp\htdocs\puskesmas\system\View\View.php(210): include('C:\\xampp\\htdocs...')
#2 C:\xampp\htdocs\puskesmas\system\View\View.php(213): CodeIgniter\View\View->CodeIgniter\View\{closure}()
#3 C:\xampp\htdocs\puskesmas\system\Common.php(1089): CodeIgniter\View\View->render('admin/v_udokter', Array, true)
#4 C:\xampp\htdocs\puskesmas\app\Controllers\Puskesmas.php(87): view('admin/v_udokter', Array)
#5 C:\xampp\htdocs\puskesmas\system\CodeIgniter.php(825): App\Controllers\Puskesmas->udokter('17')
#6 C:\xampp\htdocs\puskesmas\system\CodeIgniter.php(412): CodeIgniter\CodeIgniter->runController(Object(App\Controllers\Puskesmas))
#7 C:\xampp\htdocs\puskesmas\system\CodeIgniter.php(320): CodeIgniter\CodeIgniter->handleRequest(NULL, Object(Config\Cache), false)
#8 C:\xampp\htdocs\puskesmas\public\index.php(37): CodeIgniter\CodeIgniter->run()
#9 C:\xampp\htdocs\puskesmas\system\Commands\Server\rewrite.php(43): require_once('C:\\xampp\\htdocs...')
#10 {main}
CRITICAL - 2022-06-25 02:04:25 --> unlink(image/1656140254_f8da446b908576df7d90.jpg): No such file or directory
#0 [internal function]: CodeIgniter\Debug\Exceptions->errorHandler(2, 'unlink(image/16...', 'C:\\xampp\\htdocs...', 99, Array)
#1 C:\xampp\htdocs\puskesmas\app\Controllers\Puskesmas.php(99): unlink('image/165614025...')
#2 C:\xampp\htdocs\puskesmas\system\CodeIgniter.php(825): App\Controllers\Puskesmas->udokterAksi()
#3 C:\xampp\htdocs\puskesmas\system\CodeIgniter.php(412): CodeIgniter\CodeIgniter->runController(Object(App\Controllers\Puskesmas))
#4 C:\xampp\htdocs\puskesmas\system\CodeIgniter.php(320): CodeIgniter\CodeIgniter->handleRequest(NULL, Object(Config\Cache), false)
#5 C:\xampp\htdocs\puskesmas\public\index.php(37): CodeIgniter\CodeIgniter->run()
#6 C:\xampp\htdocs\puskesmas\system\Commands\Server\rewrite.php(43): require_once('C:\\xampp\\htdocs...')
#7 {main}
CRITICAL - 2022-06-25 02:04:51 --> Trying to get property 'nm_dokter' of non-object
#0 C:\xampp\htdocs\puskesmas\app\Views\admin\v_udokter.php(39): CodeIgniter\Debug\Exceptions->errorHandler(8, 'Trying to get p...', 'C:\\xampp\\htdocs...', 39, Array)
#1 C:\xampp\htdocs\puskesmas\system\View\View.php(210): include('C:\\xampp\\htdocs...')
#2 C:\xampp\htdocs\puskesmas\system\View\View.php(213): CodeIgniter\View\View->CodeIgniter\View\{closure}()
#3 C:\xampp\htdocs\puskesmas\system\Common.php(1089): CodeIgniter\View\View->render('admin/v_udokter', Array, true)
#4 C:\xampp\htdocs\puskesmas\app\Controllers\Puskesmas.php(87): view('admin/v_udokter', Array)
#5 C:\xampp\htdocs\puskesmas\system\CodeIgniter.php(825): App\Controllers\Puskesmas->udokter('17')
#6 C:\xampp\htdocs\puskesmas\system\CodeIgniter.php(412): CodeIgniter\CodeIgniter->runController(Object(App\Controllers\Puskesmas))
#7 C:\xampp\htdocs\puskesmas\system\CodeIgniter.php(320): CodeIgniter\CodeIgniter->handleRequest(NULL, Object(Config\Cache), false)
#8 C:\xampp\htdocs\puskesmas\public\index.php(37): CodeIgniter\CodeIgniter->run()
#9 C:\xampp\htdocs\puskesmas\system\Commands\Server\rewrite.php(43): require_once('C:\\xampp\\htdocs...')
#10 {main}
CRITICAL - 2022-06-25 02:06:24 --> Undefined property: stdClass::$dokter
#0 C:\xampp\htdocs\puskesmas\app\Views\admin\v_udokter.php(40): CodeIgniter\Debug\Exceptions->errorHandler(8, 'Undefined prope...', 'C:\\xampp\\htdocs...', 40, Array)
#1 C:\xampp\htdocs\puskesmas\system\View\View.php(210): include('C:\\xampp\\htdocs...')
#2 C:\xampp\htdocs\puskesmas\system\View\View.php(213): CodeIgniter\View\View->CodeIgniter\View\{closure}()
#3 C:\xampp\htdocs\puskesmas\system\Common.php(1089): CodeIgniter\View\View->render('admin/v_udokter', Array, true)
#4 C:\xampp\htdocs\puskesmas\app\Controllers\Puskesmas.php(87): view('admin/v_udokter', Array)
#5 C:\xampp\htdocs\puskesmas\system\CodeIgniter.php(825): App\Controllers\Puskesmas->udokter('18')
#6 C:\xampp\htdocs\puskesmas\system\CodeIgniter.php(412): CodeIgniter\CodeIgniter->runController(Object(App\Controllers\Puskesmas))
#7 C:\xampp\htdocs\puskesmas\system\CodeIgniter.php(320): CodeIgniter\CodeIgniter->handleRequest(NULL, Object(Config\Cache), false)
#8 C:\xampp\htdocs\puskesmas\public\index.php(37): CodeIgniter\CodeIgniter->run()
#9 C:\xampp\htdocs\puskesmas\system\Commands\Server\rewrite.php(43): require_once('C:\\xampp\\htdocs...')
#10 {main}
CRITICAL - 2022-06-25 02:19:13 --> Undefined property: CodeIgniter\Database\MySQLi\Result::$nm_psn
#0 C:\xampp\htdocs\puskesmas\app\Views\admin\v_upasien.php(30): CodeIgniter\Debug\Exceptions->errorHandler(8, 'Undefined prope...', 'C:\\xampp\\htdocs...', 30, Array)
#1 C:\xampp\htdocs\puskesmas\system\View\View.php(210): include('C:\\xampp\\htdocs...')
#2 C:\xampp\htdocs\puskesmas\system\View\View.php(213): CodeIgniter\View\View->CodeIgniter\View\{closure}()
#3 C:\xampp\htdocs\puskesmas\system\Common.php(1089): CodeIgniter\View\View->render('admin/v_upasien', Array, true)
#4 C:\xampp\htdocs\puskesmas\app\Controllers\Puskesmas.php(146): view('admin/v_upasien', Array)
#5 C:\xampp\htdocs\puskesmas\system\CodeIgniter.php(825): App\Controllers\Puskesmas->upasien('3')
#6 C:\xampp\htdocs\puskesmas\system\CodeIgniter.php(412): CodeIgniter\CodeIgniter->runController(Object(App\Controllers\Puskesmas))
#7 C:\xampp\htdocs\puskesmas\system\CodeIgniter.php(320): CodeIgniter\CodeIgniter->handleRequest(NULL, Object(Config\Cache), false)
#8 C:\xampp\htdocs\puskesmas\public\index.php(37): CodeIgniter\CodeIgniter->run()
#9 C:\xampp\htdocs\puskesmas\system\Commands\Server\rewrite.php(43): require_once('C:\\xampp\\htdocs...')
#10 {main}
CRITICAL - 2022-06-25 02:21:33 --> Undefined property: CodeIgniter\Database\MySQLi\Result::$kd_psn
#0 C:\xampp\htdocs\puskesmas\app\Views\admin\v_upasien.php(30): CodeIgniter\Debug\Exceptions->errorHandler(8, 'Undefined prope...', 'C:\\xampp\\htdocs...', 30, Array)
#1 C:\xampp\htdocs\puskesmas\system\View\View.php(210): include('C:\\xampp\\htdocs...')
#2 C:\xampp\htdocs\puskesmas\system\View\View.php(213): CodeIgniter\View\View->CodeIgniter\View\{closure}()
#3 C:\xampp\htdocs\puskesmas\system\Common.php(1089): CodeIgniter\View\View->render('admin/v_upasien', Array, true)
#4 C:\xampp\htdocs\puskesmas\app\Controllers\Puskesmas.php(146): view('admin/v_upasien', Array)
#5 C:\xampp\htdocs\puskesmas\system\CodeIgniter.php(825): App\Controllers\Puskesmas->upasien('3')
#6 C:\xampp\htdocs\puskesmas\system\CodeIgniter.php(412): CodeIgniter\CodeIgniter->runController(Object(App\Controllers\Puskesmas))
#7 C:\xampp\htdocs\puskesmas\system\CodeIgniter.php(320): CodeIgniter\CodeIgniter->handleRequest(NULL, Object(Config\Cache), false)
#8 C:\xampp\htdocs\puskesmas\public\index.php(37): CodeIgniter\CodeIgniter->run()
#9 C:\xampp\htdocs\puskesmas\system\Commands\Server\rewrite.php(43): require_once('C:\\xampp\\htdocs...')
#10 {main}
CRITICAL - 2022-06-25 02:22:54 --> Undefined property: CodeIgniter\Database\MySQLi\Result::$nm_psn
#0 C:\xampp\htdocs\puskesmas\app\Views\admin\v_upasien.php(30): CodeIgniter\Debug\Exceptions->errorHandler(8, 'Undefined prope...', 'C:\\xampp\\htdocs...', 30, Array)
#1 C:\xampp\htdocs\puskesmas\system\View\View.php(210): include('C:\\xampp\\htdocs...')
#2 C:\xampp\htdocs\puskesmas\system\View\View.php(213): CodeIgniter\View\View->CodeIgniter\View\{closure}()
#3 C:\xampp\htdocs\puskesmas\system\Common.php(1089): CodeIgniter\View\View->render('admin/v_upasien', Array, true)
#4 C:\xampp\htdocs\puskesmas\app\Controllers\Puskesmas.php(146): view('admin/v_upasien', Array)
#5 C:\xampp\htdocs\puskesmas\system\CodeIgniter.php(825): App\Controllers\Puskesmas->upasien('3')
#6 C:\xampp\htdocs\puskesmas\system\CodeIgniter.php(412): CodeIgniter\CodeIgniter->runController(Object(App\Controllers\Puskesmas))
#7 C:\xampp\htdocs\puskesmas\system\CodeIgniter.php(320): CodeIgniter\CodeIgniter->handleRequest(NULL, Object(Config\Cache), false)
#8 C:\xampp\htdocs\puskesmas\public\index.php(37): CodeIgniter\CodeIgniter->run()
#9 C:\xampp\htdocs\puskesmas\system\Commands\Server\rewrite.php(43): require_once('C:\\xampp\\htdocs...')
#10 {main}
CRITICAL - 2022-06-25 02:26:56 --> Undefined property: CodeIgniter\Database\MySQLi\Result::$nm_psn
#0 C:\xampp\htdocs\puskesmas\app\Views\admin\v_upasien.php(30): CodeIgniter\Debug\Exceptions->errorHandler(8, 'Undefined prope...', 'C:\\xampp\\htdocs...', 30, Array)
#1 C:\xampp\htdocs\puskesmas\system\View\View.php(210): include('C:\\xampp\\htdocs...')
#2 C:\xampp\htdocs\puskesmas\system\View\View.php(213): CodeIgniter\View\View->CodeIgniter\View\{closure}()
#3 C:\xampp\htdocs\puskesmas\system\Common.php(1089): CodeIgniter\View\View->render('admin/v_upasien', Array, true)
#4 C:\xampp\htdocs\puskesmas\app\Controllers\Puskesmas.php(146): view('admin/v_upasien', Array)
#5 C:\xampp\htdocs\puskesmas\system\CodeIgniter.php(825): App\Controllers\Puskesmas->upasien('3')
#6 C:\xampp\htdocs\puskesmas\system\CodeIgniter.php(412): CodeIgniter\CodeIgniter->runController(Object(App\Controllers\Puskesmas))
#7 C:\xampp\htdocs\puskesmas\system\CodeIgniter.php(320): CodeIgniter\CodeIgniter->handleRequest(NULL, Object(Config\Cache), false)
#8 C:\xampp\htdocs\puskesmas\public\index.php(37): CodeIgniter\CodeIgniter->run()
#9 C:\xampp\htdocs\puskesmas\system\Commands\Server\rewrite.php(43): require_once('C:\\xampp\\htdocs...')
#10 {main}
CRITICAL - 2022-06-25 02:32:28 --> Undefined property: stdClass::$umur
#0 C:\xampp\htdocs\puskesmas\app\Views\admin\v_upasien.php(49): CodeIgniter\Debug\Exceptions->errorHandler(8, 'Undefined prope...', 'C:\\xampp\\htdocs...', 49, Array)
#1 C:\xampp\htdocs\puskesmas\system\View\View.php(210): include('C:\\xampp\\htdocs...')
#2 C:\xampp\htdocs\puskesmas\system\View\View.php(213): CodeIgniter\View\View->CodeIgniter\View\{closure}()
#3 C:\xampp\htdocs\puskesmas\system\Common.php(1089): CodeIgniter\View\View->render('admin/v_upasien', Array, true)
#4 C:\xampp\htdocs\puskesmas\app\Controllers\Puskesmas.php(146): view('admin/v_upasien', Array)
#5 C:\xampp\htdocs\puskesmas\system\CodeIgniter.php(825): App\Controllers\Puskesmas->upasien('3')
#6 C:\xampp\htdocs\puskesmas\system\CodeIgniter.php(412): CodeIgniter\CodeIgniter->runController(Object(App\Controllers\Puskesmas))
#7 C:\xampp\htdocs\puskesmas\system\CodeIgniter.php(320): CodeIgniter\CodeIgniter->handleRequest(NULL, Object(Config\Cache), false)
#8 C:\xampp\htdocs\puskesmas\public\index.php(37): CodeIgniter\CodeIgniter->run()
#9 C:\xampp\htdocs\puskesmas\system\Commands\Server\rewrite.php(43): require_once('C:\\xampp\\htdocs...')
#10 {main}
CRITICAL - 2022-06-25 04:30:18 --> Undefined property: stdClass::$kd_psn
#0 C:\xampp\htdocs\puskesmas\app\Views\admin\v_jadwal.php(65): CodeIgniter\Debug\Exceptions->errorHandler(8, 'Undefined prope...', 'C:\\xampp\\htdocs...', 65, Array)
#1 C:\xampp\htdocs\puskesmas\system\View\View.php(210): include('C:\\xampp\\htdocs...')
#2 C:\xampp\htdocs\puskesmas\system\View\View.php(213): CodeIgniter\View\View->CodeIgniter\View\{closure}()
#3 C:\xampp\htdocs\puskesmas\system\Common.php(1089): CodeIgniter\View\View->render('/admin/v_jadwal', Array, true)
#4 C:\xampp\htdocs\puskesmas\app\Controllers\Puskesmas.php(302): view('/admin/v_jadwal', Array)
#5 C:\xampp\htdocs\puskesmas\system\CodeIgniter.php(825): App\Controllers\Puskesmas->djadwal()
#6 C:\xampp\htdocs\puskesmas\system\CodeIgniter.php(412): CodeIgniter\CodeIgniter->runController(Object(App\Controllers\Puskesmas))
#7 C:\xampp\htdocs\puskesmas\system\CodeIgniter.php(320): CodeIgniter\CodeIgniter->handleRequest(NULL, Object(Config\Cache), false)
#8 C:\xampp\htdocs\puskesmas\public\index.php(37): CodeIgniter\CodeIgniter->run()
#9 C:\xampp\htdocs\puskesmas\system\Commands\Server\rewrite.php(43): require_once('C:\\xampp\\htdocs...')
#10 {main}
