ERROR - 2022-07-11 00:06:20 --> Unknown column 'poli.id_poli' in 'where clause'
CRITICAL - 2022-07-11 00:06:20 --> Unknown column 'poli.id_poli' in 'where clause'
#0 C:\xampp\htdocs\puskesmas\system\Database\MySQLi\Connection.php(292): mysqli->query('SELECT * FROM p...', 0)
#1 C:\xampp\htdocs\puskesmas\system\Database\BaseConnection.php(670): CodeIgniter\Database\MySQLi\Connection->execute('SELECT * FROM p...')
#2 C:\xampp\htdocs\puskesmas\system\Database\BaseConnection.php(598): CodeIgniter\Database\BaseConnection->simpleQuery('SELECT * FROM p...')
#3 C:\xampp\htdocs\puskesmas\app\Views\layout\v_sidebar.php(80): CodeIgniter\Database\BaseConnection->query('SELECT * FROM p...')
#4 C:\xampp\htdocs\puskesmas\system\View\View.php(210): include('C:\\xampp\\htdocs...')
#5 C:\xampp\htdocs\puskesmas\system\View\View.php(213): CodeIgniter\View\View->CodeIgniter\View\{closure}()
#6 C:\xampp\htdocs\puskesmas\system\View\View.php(424): CodeIgniter\View\View->render('layout/v_sideba...', NULL, true)
#7 C:\xampp\htdocs\puskesmas\app\Views\layout\v_template.php(47): CodeIgniter\View\View->include('layout/v_sideba...')
#8 C:\xampp\htdocs\puskesmas\system\View\View.php(210): include('C:\\xampp\\htdocs...')
#9 C:\xampp\htdocs\puskesmas\system\View\View.php(213): CodeIgniter\View\View->CodeIgniter\View\{closure}()
#10 C:\xampp\htdocs\puskesmas\system\View\View.php(226): CodeIgniter\View\View->render('layout/v_templa...', Array, true)
#11 C:\xampp\htdocs\puskesmas\system\Common.php(1089): CodeIgniter\View\View->render('admin/pendaftar...', Array, true)
#12 C:\xampp\htdocs\puskesmas\app\Controllers\Puskesmas.php(440): view('admin/pendaftar...', Array)
#13 C:\xampp\htdocs\puskesmas\system\CodeIgniter.php(825): App\Controllers\Puskesmas->dpendaftar()
#14 C:\xampp\htdocs\puskesmas\system\CodeIgniter.php(412): CodeIgniter\CodeIgniter->runController(Object(App\Controllers\Puskesmas))
#15 C:\xampp\htdocs\puskesmas\system\CodeIgniter.php(320): CodeIgniter\CodeIgniter->handleRequest(NULL, Object(Config\Cache), false)
#16 C:\xampp\htdocs\puskesmas\public\index.php(37): CodeIgniter\CodeIgniter->run()
#17 C:\xampp\htdocs\puskesmas\system\Commands\Server\rewrite.php(43): require_once('C:\\xampp\\htdocs...')
#18 {main}
CRITICAL - 2022-07-11 00:10:48 --> Undefined variable: d
#0 C:\xampp\htdocs\puskesmas\app\Views\layout\v_sidebar.php(91): CodeIgniter\Debug\Exceptions->errorHandler(8, 'Undefined varia...', 'C:\\xampp\\htdocs...', 91, Array)
#1 C:\xampp\htdocs\puskesmas\system\View\View.php(210): include('C:\\xampp\\htdocs...')
#2 C:\xampp\htdocs\puskesmas\system\View\View.php(213): CodeIgniter\View\View->CodeIgniter\View\{closure}()
#3 C:\xampp\htdocs\puskesmas\system\View\View.php(424): CodeIgniter\View\View->render('layout/v_sideba...', NULL, true)
#4 C:\xampp\htdocs\puskesmas\app\Views\layout\v_template.php(47): CodeIgniter\View\View->include('layout/v_sideba...')
#5 C:\xampp\htdocs\puskesmas\system\View\View.php(210): include('C:\\xampp\\htdocs...')
#6 C:\xampp\htdocs\puskesmas\system\View\View.php(213): CodeIgniter\View\View->CodeIgniter\View\{closure}()
#7 C:\xampp\htdocs\puskesmas\system\View\View.php(226): CodeIgniter\View\View->render('layout/v_templa...', Array, true)
#8 C:\xampp\htdocs\puskesmas\system\Common.php(1089): CodeIgniter\View\View->render('admin/pendaftar...', Array, true)
#9 C:\xampp\htdocs\puskesmas\app\Controllers\Puskesmas.php(440): view('admin/pendaftar...', Array)
#10 C:\xampp\htdocs\puskesmas\system\CodeIgniter.php(825): App\Controllers\Puskesmas->dpendaftar()
#11 C:\xampp\htdocs\puskesmas\system\CodeIgniter.php(412): CodeIgniter\CodeIgniter->runController(Object(App\Controllers\Puskesmas))
#12 C:\xampp\htdocs\puskesmas\system\CodeIgniter.php(320): CodeIgniter\CodeIgniter->handleRequest(NULL, Object(Config\Cache), false)
#13 C:\xampp\htdocs\puskesmas\public\index.php(37): CodeIgniter\CodeIgniter->run()
#14 C:\xampp\htdocs\puskesmas\system\Commands\Server\rewrite.php(43): require_once('C:\\xampp\\htdocs...')
#15 {main}
CRITICAL - 2022-07-11 00:12:31 --> Undefined variable: d
#0 C:\xampp\htdocs\puskesmas\app\Views\layout\v_sidebar.php(88): CodeIgniter\Debug\Exceptions->errorHandler(8, 'Undefined varia...', 'C:\\xampp\\htdocs...', 88, Array)
#1 C:\xampp\htdocs\puskesmas\system\View\View.php(210): include('C:\\xampp\\htdocs...')
#2 C:\xampp\htdocs\puskesmas\system\View\View.php(213): CodeIgniter\View\View->CodeIgniter\View\{closure}()
#3 C:\xampp\htdocs\puskesmas\system\View\View.php(424): CodeIgniter\View\View->render('layout/v_sideba...', NULL, true)
#4 C:\xampp\htdocs\puskesmas\app\Views\layout\v_template.php(47): CodeIgniter\View\View->include('layout/v_sideba...')
#5 C:\xampp\htdocs\puskesmas\system\View\View.php(210): include('C:\\xampp\\htdocs...')
#6 C:\xampp\htdocs\puskesmas\system\View\View.php(213): CodeIgniter\View\View->CodeIgniter\View\{closure}()
#7 C:\xampp\htdocs\puskesmas\system\View\View.php(226): CodeIgniter\View\View->render('layout/v_templa...', Array, true)
#8 C:\xampp\htdocs\puskesmas\system\Common.php(1089): CodeIgniter\View\View->render('admin/pendaftar...', Array, true)
#9 C:\xampp\htdocs\puskesmas\app\Controllers\Puskesmas.php(440): view('admin/pendaftar...', Array)
#10 C:\xampp\htdocs\puskesmas\system\CodeIgniter.php(825): App\Controllers\Puskesmas->dpendaftar()
#11 C:\xampp\htdocs\puskesmas\system\CodeIgniter.php(412): CodeIgniter\CodeIgniter->runController(Object(App\Controllers\Puskesmas))
#12 C:\xampp\htdocs\puskesmas\system\CodeIgniter.php(320): CodeIgniter\CodeIgniter->handleRequest(NULL, Object(Config\Cache), false)
#13 C:\xampp\htdocs\puskesmas\public\index.php(37): CodeIgniter\CodeIgniter->run()
#14 C:\xampp\htdocs\puskesmas\system\Commands\Server\rewrite.php(43): require_once('C:\\xampp\\htdocs...')
#15 {main}
CRITICAL - 2022-07-11 01:31:33 --> Call to a member function getRow() on array
#0 C:\xampp\htdocs\puskesmas\system\CodeIgniter.php(825): App\Controllers\Puskesmas->cetakdaftar('710215413')
#1 C:\xampp\htdocs\puskesmas\system\CodeIgniter.php(412): CodeIgniter\CodeIgniter->runController(Object(App\Controllers\Puskesmas))
#2 C:\xampp\htdocs\puskesmas\system\CodeIgniter.php(320): CodeIgniter\CodeIgniter->handleRequest(NULL, Object(Config\Cache), false)
#3 C:\xampp\htdocs\puskesmas\public\index.php(37): CodeIgniter\CodeIgniter->run()
#4 C:\xampp\htdocs\puskesmas\system\Commands\Server\rewrite.php(43): require_once('C:\\xampp\\htdocs...')
#5 {main}
CRITICAL - 2022-07-11 01:32:14 --> syntax error, unexpected ';', expecting ']'
#0 C:\xampp\htdocs\puskesmas\system\Router\Router.php(175): CodeIgniter\Router\Router->autoRoute('puskesmas/cetak...')
#1 C:\xampp\htdocs\puskesmas\system\CodeIgniter.php(719): CodeIgniter\Router\Router->handle('puskesmas/cetak...')
#2 C:\xampp\htdocs\puskesmas\system\CodeIgniter.php(361): CodeIgniter\CodeIgniter->tryToRouteIt(Object(CodeIgniter\Router\RouteCollection))
#3 C:\xampp\htdocs\puskesmas\system\CodeIgniter.php(320): CodeIgniter\CodeIgniter->handleRequest(NULL, Object(Config\Cache), false)
#4 C:\xampp\htdocs\puskesmas\public\index.php(37): CodeIgniter\CodeIgniter->run()
#5 C:\xampp\htdocs\puskesmas\system\Commands\Server\rewrite.php(43): require_once('C:\\xampp\\htdocs...')
#6 {main}
CRITICAL - 2022-07-11 01:32:20 --> Trying to get property 'no_pendaftaran' of non-object
#0 C:\xampp\htdocs\puskesmas\app\Views\admin\pendaftar\v_cetakdaftar.php(36): CodeIgniter\Debug\Exceptions->errorHandler(8, 'Trying to get p...', 'C:\\xampp\\htdocs...', 36, Array)
#1 C:\xampp\htdocs\puskesmas\system\View\View.php(210): include('C:\\xampp\\htdocs...')
#2 C:\xampp\htdocs\puskesmas\system\View\View.php(213): CodeIgniter\View\View->CodeIgniter\View\{closure}()
#3 C:\xampp\htdocs\puskesmas\system\Common.php(1089): CodeIgniter\View\View->render('admin/pendaftar...', Array, true)
#4 C:\xampp\htdocs\puskesmas\app\Controllers\Puskesmas.php(447): view('admin/pendaftar...', Array)
#5 C:\xampp\htdocs\puskesmas\system\CodeIgniter.php(825): App\Controllers\Puskesmas->cetakdaftar('710215413')
#6 C:\xampp\htdocs\puskesmas\system\CodeIgniter.php(412): CodeIgniter\CodeIgniter->runController(Object(App\Controllers\Puskesmas))
#7 C:\xampp\htdocs\puskesmas\system\CodeIgniter.php(320): CodeIgniter\CodeIgniter->handleRequest(NULL, Object(Config\Cache), false)
#8 C:\xampp\htdocs\puskesmas\public\index.php(37): CodeIgniter\CodeIgniter->run()
#9 C:\xampp\htdocs\puskesmas\system\Commands\Server\rewrite.php(43): require_once('C:\\xampp\\htdocs...')
#10 {main}
CRITICAL - 2022-07-11 01:32:36 --> Undefined index: no_pendaftaran
#0 C:\xampp\htdocs\puskesmas\app\Views\admin\pendaftar\v_cetakdaftar.php(36): CodeIgniter\Debug\Exceptions->errorHandler(8, 'Undefined index...', 'C:\\xampp\\htdocs...', 36, Array)
#1 C:\xampp\htdocs\puskesmas\system\View\View.php(210): include('C:\\xampp\\htdocs...')
#2 C:\xampp\htdocs\puskesmas\system\View\View.php(213): CodeIgniter\View\View->CodeIgniter\View\{closure}()
#3 C:\xampp\htdocs\puskesmas\system\Common.php(1089): CodeIgniter\View\View->render('admin/pendaftar...', Array, true)
#4 C:\xampp\htdocs\puskesmas\app\Controllers\Puskesmas.php(447): view('admin/pendaftar...', Array)
#5 C:\xampp\htdocs\puskesmas\system\CodeIgniter.php(825): App\Controllers\Puskesmas->cetakdaftar('710215413')
#6 C:\xampp\htdocs\puskesmas\system\CodeIgniter.php(412): CodeIgniter\CodeIgniter->runController(Object(App\Controllers\Puskesmas))
#7 C:\xampp\htdocs\puskesmas\system\CodeIgniter.php(320): CodeIgniter\CodeIgniter->handleRequest(NULL, Object(Config\Cache), false)
#8 C:\xampp\htdocs\puskesmas\public\index.php(37): CodeIgniter\CodeIgniter->run()
#9 C:\xampp\htdocs\puskesmas\system\Commands\Server\rewrite.php(43): require_once('C:\\xampp\\htdocs...')
#10 {main}
CRITICAL - 2022-07-11 01:33:14 --> Undefined index: no_pendaftaran
#0 C:\xampp\htdocs\puskesmas\app\Views\admin\pendaftar\v_cetakdaftar.php(36): CodeIgniter\Debug\Exceptions->errorHandler(8, 'Undefined index...', 'C:\\xampp\\htdocs...', 36, Array)
#1 C:\xampp\htdocs\puskesmas\system\View\View.php(210): include('C:\\xampp\\htdocs...')
#2 C:\xampp\htdocs\puskesmas\system\View\View.php(213): CodeIgniter\View\View->CodeIgniter\View\{closure}()
#3 C:\xampp\htdocs\puskesmas\system\Common.php(1089): CodeIgniter\View\View->render('admin/pendaftar...', Array, true)
#4 C:\xampp\htdocs\puskesmas\app\Controllers\Puskesmas.php(447): view('admin/pendaftar...', Array)
#5 C:\xampp\htdocs\puskesmas\system\CodeIgniter.php(825): App\Controllers\Puskesmas->cetakdaftar('710215413')
#6 C:\xampp\htdocs\puskesmas\system\CodeIgniter.php(412): CodeIgniter\CodeIgniter->runController(Object(App\Controllers\Puskesmas))
#7 C:\xampp\htdocs\puskesmas\system\CodeIgniter.php(320): CodeIgniter\CodeIgniter->handleRequest(NULL, Object(Config\Cache), false)
#8 C:\xampp\htdocs\puskesmas\public\index.php(37): CodeIgniter\CodeIgniter->run()
#9 C:\xampp\htdocs\puskesmas\system\Commands\Server\rewrite.php(43): require_once('C:\\xampp\\htdocs...')
#10 {main}
CRITICAL - 2022-07-11 01:33:57 --> Undefined index: no_pendaftaran
#0 C:\xampp\htdocs\puskesmas\app\Views\admin\pendaftar\v_cetakdaftar.php(36): CodeIgniter\Debug\Exceptions->errorHandler(8, 'Undefined index...', 'C:\\xampp\\htdocs...', 36, Array)
#1 C:\xampp\htdocs\puskesmas\system\View\View.php(210): include('C:\\xampp\\htdocs...')
#2 C:\xampp\htdocs\puskesmas\system\View\View.php(213): CodeIgniter\View\View->CodeIgniter\View\{closure}()
#3 C:\xampp\htdocs\puskesmas\system\Common.php(1089): CodeIgniter\View\View->render('admin/pendaftar...', Array, true)
#4 C:\xampp\htdocs\puskesmas\app\Controllers\Puskesmas.php(447): view('admin/pendaftar...', Array)
#5 C:\xampp\htdocs\puskesmas\system\CodeIgniter.php(825): App\Controllers\Puskesmas->cetakdaftar('710215413')
#6 C:\xampp\htdocs\puskesmas\system\CodeIgniter.php(412): CodeIgniter\CodeIgniter->runController(Object(App\Controllers\Puskesmas))
#7 C:\xampp\htdocs\puskesmas\system\CodeIgniter.php(320): CodeIgniter\CodeIgniter->handleRequest(NULL, Object(Config\Cache), false)
#8 C:\xampp\htdocs\puskesmas\public\index.php(37): CodeIgniter\CodeIgniter->run()
#9 C:\xampp\htdocs\puskesmas\system\Commands\Server\rewrite.php(43): require_once('C:\\xampp\\htdocs...')
#10 {main}
CRITICAL - 2022-07-11 01:36:24 --> Undefined index: data
#0 C:\xampp\htdocs\puskesmas\app\Views\admin\pendaftar\v_cetakdaftar.php(36): CodeIgniter\Debug\Exceptions->errorHandler(8, 'Undefined index...', 'C:\\xampp\\htdocs...', 36, Array)
#1 C:\xampp\htdocs\puskesmas\system\View\View.php(210): include('C:\\xampp\\htdocs...')
#2 C:\xampp\htdocs\puskesmas\system\View\View.php(213): CodeIgniter\View\View->CodeIgniter\View\{closure}()
#3 C:\xampp\htdocs\puskesmas\system\Common.php(1089): CodeIgniter\View\View->render('admin/pendaftar...', Array, true)
#4 C:\xampp\htdocs\puskesmas\app\Controllers\Puskesmas.php(448): view('admin/pendaftar...', Array)
#5 C:\xampp\htdocs\puskesmas\system\CodeIgniter.php(825): App\Controllers\Puskesmas->cetakdaftar('710215413')
#6 C:\xampp\htdocs\puskesmas\system\CodeIgniter.php(412): CodeIgniter\CodeIgniter->runController(Object(App\Controllers\Puskesmas))
#7 C:\xampp\htdocs\puskesmas\system\CodeIgniter.php(320): CodeIgniter\CodeIgniter->handleRequest(NULL, Object(Config\Cache), false)
#8 C:\xampp\htdocs\puskesmas\public\index.php(37): CodeIgniter\CodeIgniter->run()
#9 C:\xampp\htdocs\puskesmas\system\Commands\Server\rewrite.php(43): require_once('C:\\xampp\\htdocs...')
#10 {main}
CRITICAL - 2022-07-11 02:11:18 --> syntax error, unexpected end of file
#0 C:\xampp\htdocs\puskesmas\system\View\View.php(213): CodeIgniter\View\View->CodeIgniter\View\{closure}()
#1 C:\xampp\htdocs\puskesmas\system\Common.php(1089): CodeIgniter\View\View->render('admin/laporan/v...', Array, true)
#2 C:\xampp\htdocs\puskesmas\app\Controllers\Puskesmas.php(455): view('admin/laporan/v...', Array)
#3 C:\xampp\htdocs\puskesmas\system\CodeIgniter.php(825): App\Controllers\Puskesmas->dlaporan()
#4 C:\xampp\htdocs\puskesmas\system\CodeIgniter.php(412): CodeIgniter\CodeIgniter->runController(Object(App\Controllers\Puskesmas))
#5 C:\xampp\htdocs\puskesmas\system\CodeIgniter.php(320): CodeIgniter\CodeIgniter->handleRequest(NULL, Object(Config\Cache), false)
#6 C:\xampp\htdocs\puskesmas\public\index.php(37): CodeIgniter\CodeIgniter->run()
#7 C:\xampp\htdocs\puskesmas\system\Commands\Server\rewrite.php(43): require_once('C:\\xampp\\htdocs...')
#8 {main}
CRITICAL - 2022-07-11 02:57:11 --> Trying to access array offset on value of type null
#0 C:\xampp\htdocs\puskesmas\app\Controllers\login.php(45): CodeIgniter\Debug\Exceptions->errorHandler(8, 'Trying to acces...', 'C:\\xampp\\htdocs...', 45, Array)
#1 C:\xampp\htdocs\puskesmas\system\CodeIgniter.php(825): App\Controllers\Login->cekLogin()
#2 C:\xampp\htdocs\puskesmas\system\CodeIgniter.php(412): CodeIgniter\CodeIgniter->runController(Object(App\Controllers\Login))
#3 C:\xampp\htdocs\puskesmas\system\CodeIgniter.php(320): CodeIgniter\CodeIgniter->handleRequest(NULL, Object(Config\Cache), false)
#4 C:\xampp\htdocs\puskesmas\public\index.php(37): CodeIgniter\CodeIgniter->run()
#5 C:\xampp\htdocs\puskesmas\system\Commands\Server\rewrite.php(43): require_once('C:\\xampp\\htdocs...')
#6 {main}
CRITICAL - 2022-07-11 02:58:20 --> Trying to access array offset on value of type null
#0 C:\xampp\htdocs\puskesmas\app\Controllers\login.php(45): CodeIgniter\Debug\Exceptions->errorHandler(8, 'Trying to acces...', 'C:\\xampp\\htdocs...', 45, Array)
#1 C:\xampp\htdocs\puskesmas\system\CodeIgniter.php(825): App\Controllers\Login->cekLogin()
#2 C:\xampp\htdocs\puskesmas\system\CodeIgniter.php(412): CodeIgniter\CodeIgniter->runController(Object(App\Controllers\Login))
#3 C:\xampp\htdocs\puskesmas\system\CodeIgniter.php(320): CodeIgniter\CodeIgniter->handleRequest(NULL, Object(Config\Cache), false)
#4 C:\xampp\htdocs\puskesmas\public\index.php(37): CodeIgniter\CodeIgniter->run()
#5 C:\xampp\htdocs\puskesmas\system\Commands\Server\rewrite.php(43): require_once('C:\\xampp\\htdocs...')
#6 {main}
CRITICAL - 2022-07-11 02:58:34 --> Trying to access array offset on value of type null
#0 C:\xampp\htdocs\puskesmas\app\Controllers\login.php(45): CodeIgniter\Debug\Exceptions->errorHandler(8, 'Trying to acces...', 'C:\\xampp\\htdocs...', 45, Array)
#1 C:\xampp\htdocs\puskesmas\system\CodeIgniter.php(825): App\Controllers\Login->cekLogin()
#2 C:\xampp\htdocs\puskesmas\system\CodeIgniter.php(412): CodeIgniter\CodeIgniter->runController(Object(App\Controllers\Login))
#3 C:\xampp\htdocs\puskesmas\system\CodeIgniter.php(320): CodeIgniter\CodeIgniter->handleRequest(NULL, Object(Config\Cache), false)
#4 C:\xampp\htdocs\puskesmas\public\index.php(37): CodeIgniter\CodeIgniter->run()
#5 C:\xampp\htdocs\puskesmas\system\Commands\Server\rewrite.php(43): require_once('C:\\xampp\\htdocs...')
#6 {main}
CRITICAL - 2022-07-11 15:23:58 --> The framework needs the following extension(s) installed and loaded: intl.
#0 C:\xampp\htdocs\puskesmas_SESELA\system\CodeIgniter.php(219): CodeIgniter\Exceptions\FrameworkException::forMissingExtension('intl')
#1 C:\xampp\htdocs\puskesmas_SESELA\system\CodeIgniter.php(177): CodeIgniter\CodeIgniter->resolvePlatformExtensions()
#2 C:\xampp\htdocs\puskesmas_SESELA\system\bootstrap.php(146): CodeIgniter\CodeIgniter->initialize()
#3 C:\xampp\htdocs\puskesmas_SESELA\spark(45): require('C:\\xampp\\htdocs...')
#4 {main}
CRITICAL - 2022-07-11 15:24:38 --> The framework needs the following extension(s) installed and loaded: intl.
#0 C:\xampp\htdocs\puskesmas_SESELA\system\CodeIgniter.php(219): CodeIgniter\Exceptions\FrameworkException::forMissingExtension('intl')
#1 C:\xampp\htdocs\puskesmas_SESELA\system\CodeIgniter.php(177): CodeIgniter\CodeIgniter->resolvePlatformExtensions()
#2 C:\xampp\htdocs\puskesmas_SESELA\system\bootstrap.php(146): CodeIgniter\CodeIgniter->initialize()
#3 C:\xampp\htdocs\puskesmas_SESELA\spark(45): require('C:\\xampp\\htdocs...')
#4 {main}
CRITICAL - 2022-07-11 15:37:58 --> The framework needs the following extension(s) installed and loaded: intl.
#0 C:\xampp\htdocs\puskesmas_SESELA\system\CodeIgniter.php(219): CodeIgniter\Exceptions\FrameworkException::forMissingExtension('intl')
#1 C:\xampp\htdocs\puskesmas_SESELA\system\CodeIgniter.php(177): CodeIgniter\CodeIgniter->resolvePlatformExtensions()
#2 C:\xampp\htdocs\puskesmas_SESELA\system\bootstrap.php(146): CodeIgniter\CodeIgniter->initialize()
#3 C:\xampp\htdocs\puskesmas_SESELA\spark(45): require('C:\\xampp\\htdocs...')
#4 {main}
CRITICAL - 2022-07-11 15:50:58 --> The framework needs the following extension(s) installed and loaded: intl.
#0 C:\xampp\htdocs\puskesmas_SESELA\system\CodeIgniter.php(219): CodeIgniter\Exceptions\FrameworkException::forMissingExtension('intl')
#1 C:\xampp\htdocs\puskesmas_SESELA\system\CodeIgniter.php(177): CodeIgniter\CodeIgniter->resolvePlatformExtensions()
#2 C:\xampp\htdocs\puskesmas_SESELA\system\bootstrap.php(146): CodeIgniter\CodeIgniter->initialize()
#3 C:\xampp\htdocs\puskesmas_SESELA\spark(45): require('C:\\xampp\\htdocs...')
#4 {main}
CRITICAL - 2022-07-11 16:11:28 --> The framework needs the following extension(s) installed and loaded: intl.
#0 C:\xampp\htdocs\puskesmas_SESELA\system\CodeIgniter.php(219): CodeIgniter\Exceptions\FrameworkException::forMissingExtension('intl')
#1 C:\xampp\htdocs\puskesmas_SESELA\system\CodeIgniter.php(177): CodeIgniter\CodeIgniter->resolvePlatformExtensions()
#2 C:\xampp\htdocs\puskesmas_SESELA\system\bootstrap.php(146): CodeIgniter\CodeIgniter->initialize()
#3 C:\xampp\htdocs\puskesmas_SESELA\spark(45): require('C:\\xampp\\htdocs...')
#4 {main}
CRITICAL - 2022-07-11 16:13:37 --> The framework needs the following extension(s) installed and loaded: intl.
#0 C:\xampp\htdocs\puskesmas_SESELA\system\CodeIgniter.php(219): CodeIgniter\Exceptions\FrameworkException::forMissingExtension('intl')
#1 C:\xampp\htdocs\puskesmas_SESELA\system\CodeIgniter.php(177): CodeIgniter\CodeIgniter->resolvePlatformExtensions()
#2 C:\xampp\htdocs\puskesmas_SESELA\system\bootstrap.php(146): CodeIgniter\CodeIgniter->initialize()
#3 C:\xampp\htdocs\puskesmas_SESELA\spark(45): require('C:\\xampp\\htdocs...')
#4 {main}
CRITICAL - 2022-07-11 16:29:11 --> The framework needs the following extension(s) installed and loaded: intl.
#0 C:\xampp\htdocs\puskesmas_SESELA\system\CodeIgniter.php(219): CodeIgniter\Exceptions\FrameworkException::forMissingExtension('intl')
#1 C:\xampp\htdocs\puskesmas_SESELA\system\CodeIgniter.php(177): CodeIgniter\CodeIgniter->resolvePlatformExtensions()
#2 C:\xampp\htdocs\puskesmas_SESELA\system\bootstrap.php(146): CodeIgniter\CodeIgniter->initialize()
#3 C:\xampp\htdocs\puskesmas_SESELA\spark(45): require('C:\\xampp\\htdocs...')
#4 {main}
ERROR - 2022-07-11 09:38:01 --> Error connecting to the database: Unknown database 'puskesmas'
CRITICAL - 2022-07-11 09:38:01 --> Unable to connect to the database.
Main connection [MySQLi]: Unknown database 'puskesmas'
#0 C:\xampp\htdocs\puskesmas_SESELA\system\Database\BaseConnection.php(577): CodeIgniter\Database\BaseConnection->initialize()
#1 C:\xampp\htdocs\puskesmas_SESELA\system\Database\BaseBuilder.php(1771): CodeIgniter\Database\BaseConnection->query('INSERT INTO `us...', Array, false)
#2 C:\xampp\htdocs\puskesmas_SESELA\app\Models\M_pengguna.php(22): CodeIgniter\Database\BaseBuilder->insert(Array)
#3 C:\xampp\htdocs\puskesmas_SESELA\app\Controllers\Puskesmas.php(362): App\Models\M_pengguna->simpan(Array)
#4 C:\xampp\htdocs\puskesmas_SESELA\system\CodeIgniter.php(825): App\Controllers\Puskesmas->daftarAkunAksi()
#5 C:\xampp\htdocs\puskesmas_SESELA\system\CodeIgniter.php(412): CodeIgniter\CodeIgniter->runController(Object(App\Controllers\Puskesmas))
#6 C:\xampp\htdocs\puskesmas_SESELA\system\CodeIgniter.php(320): CodeIgniter\CodeIgniter->handleRequest(NULL, Object(Config\Cache), false)
#7 C:\xampp\htdocs\puskesmas_SESELA\public\index.php(37): CodeIgniter\CodeIgniter->run()
#8 C:\xampp\htdocs\puskesmas_SESELA\system\Commands\Server\rewrite.php(43): require_once('C:\\xampp\\htdocs...')
#9 {main}
ERROR - 2022-07-11 09:38:40 --> Error connecting to the database: Unknown database 'puskesmas'
CRITICAL - 2022-07-11 09:38:40 --> Unable to connect to the database.
Main connection [MySQLi]: Unknown database 'puskesmas'
#0 C:\xampp\htdocs\puskesmas_SESELA\system\Database\BaseConnection.php(577): CodeIgniter\Database\BaseConnection->initialize()
#1 C:\xampp\htdocs\puskesmas_SESELA\system\Database\BaseBuilder.php(1771): CodeIgniter\Database\BaseConnection->query('INSERT INTO `us...', Array, false)
#2 C:\xampp\htdocs\puskesmas_SESELA\app\Models\M_pengguna.php(22): CodeIgniter\Database\BaseBuilder->insert(Array)
#3 C:\xampp\htdocs\puskesmas_SESELA\app\Controllers\Puskesmas.php(362): App\Models\M_pengguna->simpan(Array)
#4 C:\xampp\htdocs\puskesmas_SESELA\system\CodeIgniter.php(825): App\Controllers\Puskesmas->daftarAkunAksi()
#5 C:\xampp\htdocs\puskesmas_SESELA\system\CodeIgniter.php(412): CodeIgniter\CodeIgniter->runController(Object(App\Controllers\Puskesmas))
#6 C:\xampp\htdocs\puskesmas_SESELA\system\CodeIgniter.php(320): CodeIgniter\CodeIgniter->handleRequest(NULL, Object(Config\Cache), false)
#7 C:\xampp\htdocs\puskesmas_SESELA\public\index.php(37): CodeIgniter\CodeIgniter->run()
#8 C:\xampp\htdocs\puskesmas_SESELA\system\Commands\Server\rewrite.php(43): require_once('C:\\xampp\\htdocs...')
#9 {main}
ERROR - 2022-07-11 09:38:50 --> Error connecting to the database: Unknown database 'puskesmas'
CRITICAL - 2022-07-11 09:38:50 --> Unable to connect to the database.
Main connection [MySQLi]: Unknown database 'puskesmas'
#0 C:\xampp\htdocs\puskesmas_SESELA\system\Database\BaseConnection.php(577): CodeIgniter\Database\BaseConnection->initialize()
#1 C:\xampp\htdocs\puskesmas_SESELA\system\Database\BaseBuilder.php(1771): CodeIgniter\Database\BaseConnection->query('INSERT INTO `us...', Array, false)
#2 C:\xampp\htdocs\puskesmas_SESELA\app\Models\M_pengguna.php(22): CodeIgniter\Database\BaseBuilder->insert(Array)
#3 C:\xampp\htdocs\puskesmas_SESELA\app\Controllers\Puskesmas.php(362): App\Models\M_pengguna->simpan(Array)
#4 C:\xampp\htdocs\puskesmas_SESELA\system\CodeIgniter.php(825): App\Controllers\Puskesmas->daftarAkunAksi()
#5 C:\xampp\htdocs\puskesmas_SESELA\system\CodeIgniter.php(412): CodeIgniter\CodeIgniter->runController(Object(App\Controllers\Puskesmas))
#6 C:\xampp\htdocs\puskesmas_SESELA\system\CodeIgniter.php(320): CodeIgniter\CodeIgniter->handleRequest(NULL, Object(Config\Cache), false)
#7 C:\xampp\htdocs\puskesmas_SESELA\public\index.php(37): CodeIgniter\CodeIgniter->run()
#8 C:\xampp\htdocs\puskesmas_SESELA\system\Commands\Server\rewrite.php(43): require_once('C:\\xampp\\htdocs...')
#9 {main}
ERROR - 2022-07-11 09:58:27 --> Error connecting to the database: Unknown database 'puskesmas'
CRITICAL - 2022-07-11 09:58:27 --> Unable to connect to the database.
Main connection [MySQLi]: Unknown database 'puskesmas'
#0 C:\xampp\htdocs\puskesmas_SESELA\system\Database\BaseConnection.php(577): CodeIgniter\Database\BaseConnection->initialize()
#1 C:\xampp\htdocs\puskesmas_SESELA\system\Database\BaseBuilder.php(1455): CodeIgniter\Database\BaseConnection->query('SELECT *\nFROM `...', Array, false)
#2 C:\xampp\htdocs\puskesmas_SESELA\app\Models\M_login.php(16): CodeIgniter\Database\BaseBuilder->get()
#3 C:\xampp\htdocs\puskesmas_SESELA\app\Controllers\login.php(21): App\Models\M_login->cekData('087755387058')
#4 C:\xampp\htdocs\puskesmas_SESELA\system\CodeIgniter.php(825): App\Controllers\Login->cekLogin()
#5 C:\xampp\htdocs\puskesmas_SESELA\system\CodeIgniter.php(412): CodeIgniter\CodeIgniter->runController(Object(App\Controllers\Login))
#6 C:\xampp\htdocs\puskesmas_SESELA\system\CodeIgniter.php(320): CodeIgniter\CodeIgniter->handleRequest(NULL, Object(Config\Cache), false)
#7 C:\xampp\htdocs\puskesmas_SESELA\public\index.php(37): CodeIgniter\CodeIgniter->run()
#8 C:\xampp\htdocs\puskesmas_SESELA\system\Commands\Server\rewrite.php(43): require_once('C:\\xampp\\htdocs...')
#9 {main}
ERROR - 2022-07-11 10:01:22 --> Error connecting to the database: Unknown database 'puskesmas'
CRITICAL - 2022-07-11 10:01:22 --> Unable to connect to the database.
Main connection [MySQLi]: Unknown database 'puskesmas'
#0 C:\xampp\htdocs\puskesmas_SESELA\system\Database\BaseConnection.php(577): CodeIgniter\Database\BaseConnection->initialize()
#1 C:\xampp\htdocs\puskesmas_SESELA\system\Database\BaseBuilder.php(1771): CodeIgniter\Database\BaseConnection->query('INSERT INTO `us...', Array, false)
#2 C:\xampp\htdocs\puskesmas_SESELA\app\Models\M_pengguna.php(22): CodeIgniter\Database\BaseBuilder->insert(Array)
#3 C:\xampp\htdocs\puskesmas_SESELA\app\Controllers\Puskesmas.php(362): App\Models\M_pengguna->simpan(Array)
#4 C:\xampp\htdocs\puskesmas_SESELA\system\CodeIgniter.php(825): App\Controllers\Puskesmas->daftarAkunAksi()
#5 C:\xampp\htdocs\puskesmas_SESELA\system\CodeIgniter.php(412): CodeIgniter\CodeIgniter->runController(Object(App\Controllers\Puskesmas))
#6 C:\xampp\htdocs\puskesmas_SESELA\system\CodeIgniter.php(320): CodeIgniter\CodeIgniter->handleRequest(NULL, Object(Config\Cache), false)
#7 C:\xampp\htdocs\puskesmas_SESELA\public\index.php(37): CodeIgniter\CodeIgniter->run()
#8 C:\xampp\htdocs\puskesmas_SESELA\system\Commands\Server\rewrite.php(43): require_once('C:\\xampp\\htdocs...')
#9 {main}
ERROR - 2022-07-11 10:47:13 --> Error connecting to the database: Unknown database 'puskesmas'
CRITICAL - 2022-07-11 10:47:13 --> Unable to connect to the database.
Main connection [MySQLi]: Unknown database 'puskesmas'
#0 C:\xampp\htdocs\puskesmas_SESELA\system\Database\BaseConnection.php(577): CodeIgniter\Database\BaseConnection->initialize()
#1 C:\xampp\htdocs\puskesmas_SESELA\system\Database\BaseBuilder.php(1771): CodeIgniter\Database\BaseConnection->query('INSERT INTO `us...', Array, false)
#2 C:\xampp\htdocs\puskesmas_SESELA\app\Models\M_pengguna.php(22): CodeIgniter\Database\BaseBuilder->insert(Array)
#3 C:\xampp\htdocs\puskesmas_SESELA\app\Controllers\Puskesmas.php(362): App\Models\M_pengguna->simpan(Array)
#4 C:\xampp\htdocs\puskesmas_SESELA\system\CodeIgniter.php(825): App\Controllers\Puskesmas->daftarAkunAksi()
#5 C:\xampp\htdocs\puskesmas_SESELA\system\CodeIgniter.php(412): CodeIgniter\CodeIgniter->runController(Object(App\Controllers\Puskesmas))
#6 C:\xampp\htdocs\puskesmas_SESELA\system\CodeIgniter.php(320): CodeIgniter\CodeIgniter->handleRequest(NULL, Object(Config\Cache), false)
#7 C:\xampp\htdocs\puskesmas_SESELA\public\index.php(37): CodeIgniter\CodeIgniter->run()
#8 C:\xampp\htdocs\puskesmas_SESELA\system\Commands\Server\rewrite.php(43): require_once('C:\\xampp\\htdocs...')
#9 {main}
ERROR - 2022-07-11 20:51:18 --> Error connecting to the database: Unknown database 'puskesmas'
CRITICAL - 2022-07-11 20:51:18 --> Unable to connect to the database.
Main connection [MySQLi]: Unknown database 'puskesmas'
#0 C:\xampp\htdocs\puskesmas_SESELA\system\Database\BaseConnection.php(577): CodeIgniter\Database\BaseConnection->initialize()
#1 C:\xampp\htdocs\puskesmas_SESELA\system\Database\BaseBuilder.php(1771): CodeIgniter\Database\BaseConnection->query('INSERT INTO `us...', Array, false)
#2 C:\xampp\htdocs\puskesmas_SESELA\app\Models\M_pengguna.php(22): CodeIgniter\Database\BaseBuilder->insert(Array)
#3 C:\xampp\htdocs\puskesmas_SESELA\app\Controllers\Puskesmas.php(362): App\Models\M_pengguna->simpan(Array)
#4 C:\xampp\htdocs\puskesmas_SESELA\system\CodeIgniter.php(825): App\Controllers\Puskesmas->daftarAkunAksi()
#5 C:\xampp\htdocs\puskesmas_SESELA\system\CodeIgniter.php(412): CodeIgniter\CodeIgniter->runController(Object(App\Controllers\Puskesmas))
#6 C:\xampp\htdocs\puskesmas_SESELA\system\CodeIgniter.php(320): CodeIgniter\CodeIgniter->handleRequest(NULL, Object(Config\Cache), false)
#7 C:\xampp\htdocs\puskesmas_SESELA\public\index.php(37): CodeIgniter\CodeIgniter->run()
#8 C:\xampp\htdocs\puskesmas_SESELA\system\Commands\Server\rewrite.php(43): require_once('C:\\xampp\\htdocs...')
#9 {main}
ERROR - 2022-07-11 20:52:54 --> Error connecting to the database: Unknown database 'puskesmas'
CRITICAL - 2022-07-11 20:52:54 --> Unable to connect to the database.
Main connection [MySQLi]: Unknown database 'puskesmas'
#0 C:\xampp\htdocs\puskesmas_SESELA\system\Database\BaseConnection.php(577): CodeIgniter\Database\BaseConnection->initialize()
#1 C:\xampp\htdocs\puskesmas_SESELA\system\Database\BaseBuilder.php(1771): CodeIgniter\Database\BaseConnection->query('INSERT INTO `us...', Array, false)
#2 C:\xampp\htdocs\puskesmas_SESELA\app\Models\M_pengguna.php(22): CodeIgniter\Database\BaseBuilder->insert(Array)
#3 C:\xampp\htdocs\puskesmas_SESELA\app\Controllers\Puskesmas.php(362): App\Models\M_pengguna->simpan(Array)
#4 C:\xampp\htdocs\puskesmas_SESELA\system\CodeIgniter.php(825): App\Controllers\Puskesmas->daftarAkunAksi()
#5 C:\xampp\htdocs\puskesmas_SESELA\system\CodeIgniter.php(412): CodeIgniter\CodeIgniter->runController(Object(App\Controllers\Puskesmas))
#6 C:\xampp\htdocs\puskesmas_SESELA\system\CodeIgniter.php(320): CodeIgniter\CodeIgniter->handleRequest(NULL, Object(Config\Cache), false)
#7 C:\xampp\htdocs\puskesmas_SESELA\public\index.php(37): CodeIgniter\CodeIgniter->run()
#8 C:\xampp\htdocs\puskesmas_SESELA\system\Commands\Server\rewrite.php(43): require_once('C:\\xampp\\htdocs...')
#9 {main}
