CRITICAL - 2022-07-22 10:42:52 --> Cannot use object of type stdClass as array
#0 C:\xampp\htdocs\puskesmas_SESELA\system\View\View.php(210): include()
#1 C:\xampp\htdocs\puskesmas_SESELA\system\View\View.php(213): CodeIgniter\View\View->CodeIgniter\View\{closure}()
#2 C:\xampp\htdocs\puskesmas_SESELA\system\Common.php(1089): CodeIgniter\View\View->render('admin/pendaftar...', Array, true)
#3 C:\xampp\htdocs\puskesmas_SESELA\app\Controllers\Puskesmas.php(441): view('admin/pendaftar...', Array)
#4 C:\xampp\htdocs\puskesmas_SESELA\system\CodeIgniter.php(825): App\Controllers\Puskesmas->dpendaftar()
#5 C:\xampp\htdocs\puskesmas_SESELA\system\CodeIgniter.php(412): CodeIgniter\CodeIgniter->runController(Object(App\Controllers\Puskesmas))
#6 C:\xampp\htdocs\puskesmas_SESELA\system\CodeIgniter.php(320): CodeIgniter\CodeIgniter->handleRequest(NULL, Object(Config\Cache), false)
#7 C:\xampp\htdocs\puskesmas_SESELA\public\index.php(37): CodeIgniter\CodeIgniter->run()
#8 C:\xampp\htdocs\puskesmas_SESELA\system\Commands\Server\rewrite.php(43): require_once('C:\\xampp\\htdocs...')
#9 {main}
CRITICAL - 2022-07-22 11:25:55 --> Undefined index: kd_prodi
#0 C:\xampp\htdocs\puskesmas_SESELA\app\Views\admin\pendaftar\v_dpendaftar.php(164): CodeIgniter\Debug\Exceptions->errorHandler(8, 'Undefined index...', 'C:\\xampp\\htdocs...', 164, Array)
#1 C:\xampp\htdocs\puskesmas_SESELA\system\View\View.php(210): include('C:\\xampp\\htdocs...')
#2 C:\xampp\htdocs\puskesmas_SESELA\system\View\View.php(213): CodeIgniter\View\View->CodeIgniter\View\{closure}()
#3 C:\xampp\htdocs\puskesmas_SESELA\system\Common.php(1089): CodeIgniter\View\View->render('admin/pendaftar...', Array, true)
#4 C:\xampp\htdocs\puskesmas_SESELA\app\Controllers\Puskesmas.php(441): view('admin/pendaftar...', Array)
#5 C:\xampp\htdocs\puskesmas_SESELA\system\CodeIgniter.php(825): App\Controllers\Puskesmas->dpendaftar()
#6 C:\xampp\htdocs\puskesmas_SESELA\system\CodeIgniter.php(412): CodeIgniter\CodeIgniter->runController(Object(App\Controllers\Puskesmas))
#7 C:\xampp\htdocs\puskesmas_SESELA\system\CodeIgniter.php(320): CodeIgniter\CodeIgniter->handleRequest(NULL, Object(Config\Cache), false)
#8 C:\xampp\htdocs\puskesmas_SESELA\public\index.php(37): CodeIgniter\CodeIgniter->run()
#9 C:\xampp\htdocs\puskesmas_SESELA\system\Commands\Server\rewrite.php(43): require_once('C:\\xampp\\htdocs...')
#10 {main}
CRITICAL - 2022-07-22 11:26:27 --> Cannot use object of type stdClass as array
#0 C:\xampp\htdocs\puskesmas_SESELA\system\View\View.php(210): include()
#1 C:\xampp\htdocs\puskesmas_SESELA\system\View\View.php(213): CodeIgniter\View\View->CodeIgniter\View\{closure}()
#2 C:\xampp\htdocs\puskesmas_SESELA\system\Common.php(1089): CodeIgniter\View\View->render('admin/pendaftar...', Array, true)
#3 C:\xampp\htdocs\puskesmas_SESELA\app\Controllers\Puskesmas.php(441): view('admin/pendaftar...', Array)
#4 C:\xampp\htdocs\puskesmas_SESELA\system\CodeIgniter.php(825): App\Controllers\Puskesmas->dpendaftar()
#5 C:\xampp\htdocs\puskesmas_SESELA\system\CodeIgniter.php(412): CodeIgniter\CodeIgniter->runController(Object(App\Controllers\Puskesmas))
#6 C:\xampp\htdocs\puskesmas_SESELA\system\CodeIgniter.php(320): CodeIgniter\CodeIgniter->handleRequest(NULL, Object(Config\Cache), false)
#7 C:\xampp\htdocs\puskesmas_SESELA\public\index.php(37): CodeIgniter\CodeIgniter->run()
#8 C:\xampp\htdocs\puskesmas_SESELA\system\Commands\Server\rewrite.php(43): require_once('C:\\xampp\\htdocs...')
#9 {main}
CRITICAL - 2022-07-22 19:25:52 --> syntax error, unexpected '/'
#0 C:\xampp\htdocs\puskesmas_SESELA\system\Router\Router.php(175): CodeIgniter\Router\Router->autoRoute('puskesmas/lapor...')
#1 C:\xampp\htdocs\puskesmas_SESELA\system\CodeIgniter.php(719): CodeIgniter\Router\Router->handle('puskesmas/lapor...')
#2 C:\xampp\htdocs\puskesmas_SESELA\system\CodeIgniter.php(361): CodeIgniter\CodeIgniter->tryToRouteIt(Object(CodeIgniter\Router\RouteCollection))
#3 C:\xampp\htdocs\puskesmas_SESELA\system\CodeIgniter.php(320): CodeIgniter\CodeIgniter->handleRequest(NULL, Object(Config\Cache), false)
#4 C:\xampp\htdocs\puskesmas_SESELA\public\index.php(37): CodeIgniter\CodeIgniter->run()
#5 C:\xampp\htdocs\puskesmas_SESELA\system\Commands\Server\rewrite.php(43): require_once('C:\\xampp\\htdocs...')
#6 {main}
CRITICAL - 2022-07-22 19:26:09 --> Use of undefined constant Config - assumed 'Config' (this will throw an Error in a future version of PHP)
#0 C:\xampp\htdocs\puskesmas_SESELA\app\Controllers\Puskesmas.php(461): CodeIgniter\Debug\Exceptions->errorHandler(2, 'Use of undefine...', 'C:\\xampp\\htdocs...', 461, Array)
#1 C:\xampp\htdocs\puskesmas_SESELA\system\CodeIgniter.php(825): App\Controllers\Puskesmas->laporanBy('03')
#2 C:\xampp\htdocs\puskesmas_SESELA\system\CodeIgniter.php(412): CodeIgniter\CodeIgniter->runController(Object(App\Controllers\Puskesmas))
#3 C:\xampp\htdocs\puskesmas_SESELA\system\CodeIgniter.php(320): CodeIgniter\CodeIgniter->handleRequest(NULL, Object(Config\Cache), false)
#4 C:\xampp\htdocs\puskesmas_SESELA\public\index.php(37): CodeIgniter\CodeIgniter->run()
#5 C:\xampp\htdocs\puskesmas_SESELA\system\Commands\Server\rewrite.php(43): require_once('C:\\xampp\\htdocs...')
#6 {main}
