ERROR - 2022-06-20 00:37:20 --> Unknown column 'kd_poli' in 'field list'
CRITICAL - 2022-06-20 00:37:20 --> Unknown column 'kd_poli' in 'field list'
#0 C:\xampp\htdocs\puskesmas\system\Database\MySQLi\Connection.php(292): mysqli->query('INSERT INTO `do...', 0)
#1 C:\xampp\htdocs\puskesmas\system\Database\BaseConnection.php(670): CodeIgniter\Database\MySQLi\Connection->execute('INSERT INTO `do...')
#2 C:\xampp\htdocs\puskesmas\system\Database\BaseConnection.php(598): CodeIgniter\Database\BaseConnection->simpleQuery('INSERT INTO `do...')
#3 C:\xampp\htdocs\puskesmas\system\Database\BaseBuilder.php(1771): CodeIgniter\Database\BaseConnection->query('INSERT INTO `do...', Array, false)
#4 C:\xampp\htdocs\puskesmas\app\Models\M_dokter.php(23): CodeIgniter\Database\BaseBuilder->insert(Array)
#5 C:\xampp\htdocs\puskesmas\app\Controllers\Puskesmas.php(53): App\Models\M_dokter->simpan(Array)
#6 C:\xampp\htdocs\puskesmas\system\CodeIgniter.php(825): App\Controllers\Puskesmas->tdokterAksi()
#7 C:\xampp\htdocs\puskesmas\system\CodeIgniter.php(412): CodeIgniter\CodeIgniter->runController(Object(App\Controllers\Puskesmas))
#8 C:\xampp\htdocs\puskesmas\system\CodeIgniter.php(320): CodeIgniter\CodeIgniter->handleRequest(NULL, Object(Config\Cache), false)
#9 C:\xampp\htdocs\puskesmas\public\index.php(37): CodeIgniter\CodeIgniter->run()
#10 C:\xampp\htdocs\puskesmas\system\Commands\Server\rewrite.php(43): require_once('C:\\xampp\\htdocs...')
#11 {main}
CRITICAL - 2022-06-20 00:39:01 --> Call to undefined function App\Controllers\redirec()
#0 C:\xampp\htdocs\puskesmas\system\CodeIgniter.php(825): App\Controllers\Puskesmas->tdokterAksi()
#1 C:\xampp\htdocs\puskesmas\system\CodeIgniter.php(412): CodeIgniter\CodeIgniter->runController(Object(App\Controllers\Puskesmas))
#2 C:\xampp\htdocs\puskesmas\system\CodeIgniter.php(320): CodeIgniter\CodeIgniter->handleRequest(NULL, Object(Config\Cache), false)
#3 C:\xampp\htdocs\puskesmas\public\index.php(37): CodeIgniter\CodeIgniter->run()
#4 C:\xampp\htdocs\puskesmas\system\Commands\Server\rewrite.php(43): require_once('C:\\xampp\\htdocs...')
#5 {main}
ERROR - 2022-06-20 01:07:39 --> Unknown column 'kd_dokte' in 'where clause'
CRITICAL - 2022-06-20 01:07:39 --> Unknown column 'kd_dokte' in 'where clause'
#0 C:\xampp\htdocs\puskesmas\system\Database\MySQLi\Connection.php(292): mysqli->query('DELETE FROM `do...', 0)
#1 C:\xampp\htdocs\puskesmas\system\Database\BaseConnection.php(670): CodeIgniter\Database\MySQLi\Connection->execute('DELETE FROM `do...')
#2 C:\xampp\htdocs\puskesmas\system\Database\BaseConnection.php(598): CodeIgniter\Database\BaseConnection->simpleQuery('DELETE FROM `do...')
#3 C:\xampp\htdocs\puskesmas\system\Database\BaseBuilder.php(2225): CodeIgniter\Database\BaseConnection->query('DELETE FROM `do...', Array, false)
#4 C:\xampp\htdocs\puskesmas\app\Models\M_dokter.php(30): CodeIgniter\Database\BaseBuilder->delete(Array)
#5 C:\xampp\htdocs\puskesmas\app\Controllers\Puskesmas.php(60): App\Models\M_dokter->hapus('1')
#6 C:\xampp\htdocs\puskesmas\system\CodeIgniter.php(825): App\Controllers\Puskesmas->hdokterAksi('1')
#7 C:\xampp\htdocs\puskesmas\system\CodeIgniter.php(412): CodeIgniter\CodeIgniter->runController(Object(App\Controllers\Puskesmas))
#8 C:\xampp\htdocs\puskesmas\system\CodeIgniter.php(320): CodeIgniter\CodeIgniter->handleRequest(NULL, Object(Config\Cache), false)
#9 C:\xampp\htdocs\puskesmas\public\index.php(37): CodeIgniter\CodeIgniter->run()
#10 C:\xampp\htdocs\puskesmas\system\Commands\Server\rewrite.php(43): require_once('C:\\xampp\\htdocs...')
#11 {main}
CRITICAL - 2022-06-20 01:16:54 --> Call to a member function getRandomName() on null
#0 C:\xampp\htdocs\puskesmas\system\CodeIgniter.php(825): App\Controllers\Puskesmas->tdokterAksi()
#1 C:\xampp\htdocs\puskesmas\system\CodeIgniter.php(412): CodeIgniter\CodeIgniter->runController(Object(App\Controllers\Puskesmas))
#2 C:\xampp\htdocs\puskesmas\system\CodeIgniter.php(320): CodeIgniter\CodeIgniter->handleRequest(NULL, Object(Config\Cache), false)
#3 C:\xampp\htdocs\puskesmas\public\index.php(37): CodeIgniter\CodeIgniter->run()
#4 C:\xampp\htdocs\puskesmas\system\Commands\Server\rewrite.php(43): require_once('C:\\xampp\\htdocs...')
#5 {main}
CRITICAL - 2022-06-20 01:17:47 --> Undefined variable: 1655705867_7ab2494ebc0f731a9aad.jpeg
#0 C:\xampp\htdocs\puskesmas\app\Controllers\Puskesmas.php(54): CodeIgniter\Debug\Exceptions->errorHandler(8, 'Undefined varia...', 'C:\\xampp\\htdocs...', 54, Array)
#1 C:\xampp\htdocs\puskesmas\system\CodeIgniter.php(825): App\Controllers\Puskesmas->tdokterAksi()
#2 C:\xampp\htdocs\puskesmas\system\CodeIgniter.php(412): CodeIgniter\CodeIgniter->runController(Object(App\Controllers\Puskesmas))
#3 C:\xampp\htdocs\puskesmas\system\CodeIgniter.php(320): CodeIgniter\CodeIgniter->handleRequest(NULL, Object(Config\Cache), false)
#4 C:\xampp\htdocs\puskesmas\public\index.php(37): CodeIgniter\CodeIgniter->run()
#5 C:\xampp\htdocs\puskesmas\system\Commands\Server\rewrite.php(43): require_once('C:\\xampp\\htdocs...')
#6 {main}
CRITICAL - 2022-06-20 01:32:55 --> Undefined variable: dpoli
#0 C:\xampp\htdocs\puskesmas\app\Views\admin\v_tdokter.php(45): CodeIgniter\Debug\Exceptions->errorHandler(8, 'Undefined varia...', 'C:\\xampp\\htdocs...', 45, Array)
#1 C:\xampp\htdocs\puskesmas\system\View\View.php(210): include('C:\\xampp\\htdocs...')
#2 C:\xampp\htdocs\puskesmas\system\View\View.php(213): CodeIgniter\View\View->CodeIgniter\View\{closure}()
#3 C:\xampp\htdocs\puskesmas\system\Common.php(1089): CodeIgniter\View\View->render('admin/v_tdokter', Array, true)
#4 C:\xampp\htdocs\puskesmas\app\Controllers\Puskesmas.php(44): view('admin/v_tdokter')
#5 C:\xampp\htdocs\puskesmas\system\CodeIgniter.php(825): App\Controllers\Puskesmas->tdokter()
#6 C:\xampp\htdocs\puskesmas\system\CodeIgniter.php(412): CodeIgniter\CodeIgniter->runController(Object(App\Controllers\Puskesmas))
#7 C:\xampp\htdocs\puskesmas\system\CodeIgniter.php(320): CodeIgniter\CodeIgniter->handleRequest(NULL, Object(Config\Cache), false)
#8 C:\xampp\htdocs\puskesmas\public\index.php(37): CodeIgniter\CodeIgniter->run()
#9 C:\xampp\htdocs\puskesmas\system\Commands\Server\rewrite.php(43): require_once('C:\\xampp\\htdocs...')
#10 {main}
ERROR - 2022-06-20 05:54:57 --> Unknown column 'dokter.kd.poli' in 'on clause'
CRITICAL - 2022-06-20 05:54:57 --> Unknown column 'dokter.kd.poli' in 'on clause'
#0 C:\xampp\htdocs\puskesmas\system\Database\MySQLi\Connection.php(292): mysqli->query('SELECT *\nFROM `...', 0)
#1 C:\xampp\htdocs\puskesmas\system\Database\BaseConnection.php(670): CodeIgniter\Database\MySQLi\Connection->execute('SELECT *\nFROM `...')
#2 C:\xampp\htdocs\puskesmas\system\Database\BaseConnection.php(598): CodeIgniter\Database\BaseConnection->simpleQuery('SELECT *\nFROM `...')
#3 C:\xampp\htdocs\puskesmas\system\Database\BaseBuilder.php(1455): CodeIgniter\Database\BaseConnection->query('SELECT *\nFROM `...', Array, false)
#4 C:\xampp\htdocs\puskesmas\app\Models\M_dokter.php(17): CodeIgniter\Database\BaseBuilder->get()
#5 C:\xampp\htdocs\puskesmas\app\Controllers\Puskesmas.php(38): App\Models\M_dokter->ambilData()
#6 C:\xampp\htdocs\puskesmas\system\CodeIgniter.php(825): App\Controllers\Puskesmas->ddokter()
#7 C:\xampp\htdocs\puskesmas\system\CodeIgniter.php(412): CodeIgniter\CodeIgniter->runController(Object(App\Controllers\Puskesmas))
#8 C:\xampp\htdocs\puskesmas\system\CodeIgniter.php(320): CodeIgniter\CodeIgniter->handleRequest(NULL, Object(Config\Cache), false)
#9 C:\xampp\htdocs\puskesmas\public\index.php(37): CodeIgniter\CodeIgniter->run()
#10 C:\xampp\htdocs\puskesmas\system\Commands\Server\rewrite.php(43): require_once('C:\\xampp\\htdocs...')
#11 {main}
CRITICAL - 2022-06-20 06:11:19 --> The original file is not a valid file.
#0 C:\xampp\htdocs\puskesmas\system\HTTP\Files\UploadedFile.php(137): CodeIgniter\HTTP\Exceptions\HTTPException::forInvalidFile()
#1 C:\xampp\htdocs\puskesmas\app\Controllers\Puskesmas.php(54): CodeIgniter\HTTP\Files\UploadedFile->move('image/', '1655723479_cfb8...')
#2 C:\xampp\htdocs\puskesmas\system\CodeIgniter.php(825): App\Controllers\Puskesmas->tdokterAksi()
#3 C:\xampp\htdocs\puskesmas\system\CodeIgniter.php(412): CodeIgniter\CodeIgniter->runController(Object(App\Controllers\Puskesmas))
#4 C:\xampp\htdocs\puskesmas\system\CodeIgniter.php(320): CodeIgniter\CodeIgniter->handleRequest(NULL, Object(Config\Cache), false)
#5 C:\xampp\htdocs\puskesmas\public\index.php(37): CodeIgniter\CodeIgniter->run()
#6 C:\xampp\htdocs\puskesmas\system\Commands\Server\rewrite.php(43): require_once('C:\\xampp\\htdocs...')
#7 {main}
CRITICAL - 2022-06-20 06:13:35 --> unlink(image/1655722226_e0442af1ef65766527d9.jpeg): No such file or directory
#0 [internal function]: CodeIgniter\Debug\Exceptions->errorHandler(2, 'unlink(image/16...', 'C:\\xampp\\htdocs...', 74, Array)
#1 C:\xampp\htdocs\puskesmas\app\Controllers\Puskesmas.php(74): unlink('image/165572222...')
#2 C:\xampp\htdocs\puskesmas\system\CodeIgniter.php(825): App\Controllers\Puskesmas->hdokterAksi('8')
#3 C:\xampp\htdocs\puskesmas\system\CodeIgniter.php(412): CodeIgniter\CodeIgniter->runController(Object(App\Controllers\Puskesmas))
#4 C:\xampp\htdocs\puskesmas\system\CodeIgniter.php(320): CodeIgniter\CodeIgniter->handleRequest(NULL, Object(Config\Cache), false)
#5 C:\xampp\htdocs\puskesmas\public\index.php(37): CodeIgniter\CodeIgniter->run()
#6 C:\xampp\htdocs\puskesmas\system\Commands\Server\rewrite.php(43): require_once('C:\\xampp\\htdocs...')
#7 {main}
CRITICAL - 2022-06-20 06:26:45 --> Undefined variable: dpoli
#0 C:\xampp\htdocs\puskesmas\app\Views\admin\v_udokter.php(45): CodeIgniter\Debug\Exceptions->errorHandler(8, 'Undefined varia...', 'C:\\xampp\\htdocs...', 45, Array)
#1 C:\xampp\htdocs\puskesmas\system\View\View.php(210): include('C:\\xampp\\htdocs...')
#2 C:\xampp\htdocs\puskesmas\system\View\View.php(213): CodeIgniter\View\View->CodeIgniter\View\{closure}()
#3 C:\xampp\htdocs\puskesmas\system\Common.php(1089): CodeIgniter\View\View->render('admin/v_udokter', Array, true)
#4 C:\xampp\htdocs\puskesmas\app\Controllers\Puskesmas.php(82): view('admin/v_udokter')
#5 C:\xampp\htdocs\puskesmas\system\CodeIgniter.php(825): App\Controllers\Puskesmas->udokter('12')
#6 C:\xampp\htdocs\puskesmas\system\CodeIgniter.php(412): CodeIgniter\CodeIgniter->runController(Object(App\Controllers\Puskesmas))
#7 C:\xampp\htdocs\puskesmas\system\CodeIgniter.php(320): CodeIgniter\CodeIgniter->handleRequest(NULL, Object(Config\Cache), false)
#8 C:\xampp\htdocs\puskesmas\public\index.php(37): CodeIgniter\CodeIgniter->run()
#9 C:\xampp\htdocs\puskesmas\system\Commands\Server\rewrite.php(43): require_once('C:\\xampp\\htdocs...')
#10 {main}
CRITICAL - 2022-06-20 06:32:54 --> Call to a member function getRow() on array
#0 C:\xampp\htdocs\puskesmas\system\CodeIgniter.php(825): App\Controllers\Puskesmas->udokter('12')
#1 C:\xampp\htdocs\puskesmas\system\CodeIgniter.php(412): CodeIgniter\CodeIgniter->runController(Object(App\Controllers\Puskesmas))
#2 C:\xampp\htdocs\puskesmas\system\CodeIgniter.php(320): CodeIgniter\CodeIgniter->handleRequest(NULL, Object(Config\Cache), false)
#3 C:\xampp\htdocs\puskesmas\public\index.php(37): CodeIgniter\CodeIgniter->run()
#4 C:\xampp\htdocs\puskesmas\system\Commands\Server\rewrite.php(43): require_once('C:\\xampp\\htdocs...')
#5 {main}
CRITICAL - 2022-06-20 06:33:26 --> Call to a member function getRowArray() on array
#0 C:\xampp\htdocs\puskesmas\system\CodeIgniter.php(825): App\Controllers\Puskesmas->udokter('12')
#1 C:\xampp\htdocs\puskesmas\system\CodeIgniter.php(412): CodeIgniter\CodeIgniter->runController(Object(App\Controllers\Puskesmas))
#2 C:\xampp\htdocs\puskesmas\system\CodeIgniter.php(320): CodeIgniter\CodeIgniter->handleRequest(NULL, Object(Config\Cache), false)
#3 C:\xampp\htdocs\puskesmas\public\index.php(37): CodeIgniter\CodeIgniter->run()
#4 C:\xampp\htdocs\puskesmas\system\Commands\Server\rewrite.php(43): require_once('C:\\xampp\\htdocs...')
#5 {main}
