CRITICAL - 2022-06-16 07:43:19 --> The framework needs the following extension(s) installed and loaded: intl.
#0 C:\xampp\htdocs\puskesmas\system\CodeIgniter.php(219): CodeIgniter\Exceptions\FrameworkException::forMissingExtension('intl')
#1 C:\xampp\htdocs\puskesmas\system\CodeIgniter.php(177): CodeIgniter\CodeIgniter->resolvePlatformExtensions()
#2 C:\xampp\htdocs\puskesmas\system\bootstrap.php(146): CodeIgniter\CodeIgniter->initialize()
#3 C:\xampp\htdocs\puskesmas\spark(45): require('C:\\xampp\\htdocs...')
#4 {main}
CRITICAL - 2022-06-16 09:07:30 --> The framework needs the following extension(s) installed and loaded: intl.
#0 C:\xampp\htdocs\puskesmas\system\CodeIgniter.php(219): CodeIgniter\Exceptions\FrameworkException::forMissingExtension('intl')
#1 C:\xampp\htdocs\puskesmas\system\CodeIgniter.php(177): CodeIgniter\CodeIgniter->resolvePlatformExtensions()
#2 C:\xampp\htdocs\puskesmas\system\bootstrap.php(146): CodeIgniter\CodeIgniter->initialize()
#3 C:\xampp\htdocs\puskesmas\spark(45): require('C:\\xampp\\htdocs...')
#4 {main}
ERROR - 2022-06-16 02:12:35 --> Error connecting to the database: Unknown database 'puskesmas'
CRITICAL - 2022-06-16 02:12:35 --> Unable to connect to the database.
Main connection [MySQLi]: Unknown database 'puskesmas'
#0 C:\xampp\htdocs\puskesmas\system\Database\BaseConnection.php(577): CodeIgniter\Database\BaseConnection->initialize()
#1 C:\xampp\htdocs\puskesmas\system\Database\BaseBuilder.php(1455): CodeIgniter\Database\BaseConnection->query('SELECT *\nFROM `...', Array, false)
#2 C:\xampp\htdocs\puskesmas\app\Models\M_login.php(16): CodeIgniter\Database\BaseBuilder->get()
#3 C:\xampp\htdocs\puskesmas\app\Controllers\login.php(21): App\Models\M_login->cekData('admin@gmail.com')
#4 C:\xampp\htdocs\puskesmas\system\CodeIgniter.php(825): App\Controllers\Login->cekLogin()
#5 C:\xampp\htdocs\puskesmas\system\CodeIgniter.php(412): CodeIgniter\CodeIgniter->runController(Object(App\Controllers\Login))
#6 C:\xampp\htdocs\puskesmas\system\CodeIgniter.php(320): CodeIgniter\CodeIgniter->handleRequest(NULL, Object(Config\Cache), false)
#7 C:\xampp\htdocs\puskesmas\public\index.php(37): CodeIgniter\CodeIgniter->run()
#8 C:\xampp\htdocs\puskesmas\system\Commands\Server\rewrite.php(43): require_once('C:\\xampp\\htdocs...')
#9 {main}
CRITICAL - 2022-06-16 02:34:56 --> syntax error, unexpected '=>' (T_DOUBLE_ARROW), expecting ']'
#0 C:\xampp\htdocs\puskesmas\system\Router\Router.php(175): CodeIgniter\Router\Router->autoRoute('puskesmas/tpoli')
#1 C:\xampp\htdocs\puskesmas\system\CodeIgniter.php(719): CodeIgniter\Router\Router->handle('puskesmas/tpoli')
#2 C:\xampp\htdocs\puskesmas\system\CodeIgniter.php(361): CodeIgniter\CodeIgniter->tryToRouteIt(Object(CodeIgniter\Router\RouteCollection))
#3 C:\xampp\htdocs\puskesmas\system\CodeIgniter.php(320): CodeIgniter\CodeIgniter->handleRequest(NULL, Object(Config\Cache), false)
#4 C:\xampp\htdocs\puskesmas\public\index.php(37): CodeIgniter\CodeIgniter->run()
#5 C:\xampp\htdocs\puskesmas\system\Commands\Server\rewrite.php(43): require_once('C:\\xampp\\htdocs...')
#6 {main}
CRITICAL - 2022-06-16 02:35:28 --> Class 'App\Controllers\M_poli' not found
#0 C:\xampp\htdocs\puskesmas\system\CodeIgniter.php(802): App\Controllers\Puskesmas->__construct()
#1 C:\xampp\htdocs\puskesmas\system\CodeIgniter.php(403): CodeIgniter\CodeIgniter->createController()
#2 C:\xampp\htdocs\puskesmas\system\CodeIgniter.php(320): CodeIgniter\CodeIgniter->handleRequest(NULL, Object(Config\Cache), false)
#3 C:\xampp\htdocs\puskesmas\public\index.php(37): CodeIgniter\CodeIgniter->run()
#4 C:\xampp\htdocs\puskesmas\system\Commands\Server\rewrite.php(43): require_once('C:\\xampp\\htdocs...')
#5 {main}
CRITICAL - 2022-06-16 02:36:06 --> Use of undefined constant flase - assumed 'flase' (this will throw an Error in a future version of PHP)
#0 C:\xampp\htdocs\puskesmas\app\Models\M_poli.php(13): CodeIgniter\Debug\Exceptions->errorHandler(2, 'Use of undefine...', 'C:\\xampp\\htdocs...', 13, Array)
#1 C:\xampp\htdocs\puskesmas\app\Controllers\Puskesmas.php(63): App\Models\M_poli->ambilData()
#2 C:\xampp\htdocs\puskesmas\system\CodeIgniter.php(825): App\Controllers\Puskesmas->dpoli()
#3 C:\xampp\htdocs\puskesmas\system\CodeIgniter.php(412): CodeIgniter\CodeIgniter->runController(Object(App\Controllers\Puskesmas))
#4 C:\xampp\htdocs\puskesmas\system\CodeIgniter.php(320): CodeIgniter\CodeIgniter->handleRequest(NULL, Object(Config\Cache), false)
#5 C:\xampp\htdocs\puskesmas\public\index.php(37): CodeIgniter\CodeIgniter->run()
#6 C:\xampp\htdocs\puskesmas\system\Commands\Server\rewrite.php(43): require_once('C:\\xampp\\htdocs...')
#7 {main}
CRITICAL - 2022-06-16 02:36:17 --> Use of undefined constant flase - assumed 'flase' (this will throw an Error in a future version of PHP)
#0 C:\xampp\htdocs\puskesmas\app\Models\M_poli.php(13): CodeIgniter\Debug\Exceptions->errorHandler(2, 'Use of undefine...', 'C:\\xampp\\htdocs...', 13, Array)
#1 C:\xampp\htdocs\puskesmas\app\Controllers\Puskesmas.php(63): App\Models\M_poli->ambilData()
#2 C:\xampp\htdocs\puskesmas\system\CodeIgniter.php(825): App\Controllers\Puskesmas->dpoli()
#3 C:\xampp\htdocs\puskesmas\system\CodeIgniter.php(412): CodeIgniter\CodeIgniter->runController(Object(App\Controllers\Puskesmas))
#4 C:\xampp\htdocs\puskesmas\system\CodeIgniter.php(320): CodeIgniter\CodeIgniter->handleRequest(NULL, Object(Config\Cache), false)
#5 C:\xampp\htdocs\puskesmas\public\index.php(37): CodeIgniter\CodeIgniter->run()
#6 C:\xampp\htdocs\puskesmas\system\Commands\Server\rewrite.php(43): require_once('C:\\xampp\\htdocs...')
#7 {main}
CRITICAL - 2022-06-16 02:36:20 --> Use of undefined constant flase - assumed 'flase' (this will throw an Error in a future version of PHP)
#0 C:\xampp\htdocs\puskesmas\app\Models\M_poli.php(13): CodeIgniter\Debug\Exceptions->errorHandler(2, 'Use of undefine...', 'C:\\xampp\\htdocs...', 13, Array)
#1 C:\xampp\htdocs\puskesmas\app\Controllers\Puskesmas.php(63): App\Models\M_poli->ambilData()
#2 C:\xampp\htdocs\puskesmas\system\CodeIgniter.php(825): App\Controllers\Puskesmas->dpoli()
#3 C:\xampp\htdocs\puskesmas\system\CodeIgniter.php(412): CodeIgniter\CodeIgniter->runController(Object(App\Controllers\Puskesmas))
#4 C:\xampp\htdocs\puskesmas\system\CodeIgniter.php(320): CodeIgniter\CodeIgniter->handleRequest(NULL, Object(Config\Cache), false)
#5 C:\xampp\htdocs\puskesmas\public\index.php(37): CodeIgniter\CodeIgniter->run()
#6 C:\xampp\htdocs\puskesmas\system\Commands\Server\rewrite.php(43): require_once('C:\\xampp\\htdocs...')
#7 {main}
CRITICAL - 2022-06-16 02:36:28 --> Undefined variable: data
#0 C:\xampp\htdocs\puskesmas\app\Controllers\Puskesmas.php(65): CodeIgniter\Debug\Exceptions->errorHandler(8, 'Undefined varia...', 'C:\\xampp\\htdocs...', 65, Array)
#1 C:\xampp\htdocs\puskesmas\system\CodeIgniter.php(825): App\Controllers\Puskesmas->dpoli()
#2 C:\xampp\htdocs\puskesmas\system\CodeIgniter.php(412): CodeIgniter\CodeIgniter->runController(Object(App\Controllers\Puskesmas))
#3 C:\xampp\htdocs\puskesmas\system\CodeIgniter.php(320): CodeIgniter\CodeIgniter->handleRequest(NULL, Object(Config\Cache), false)
#4 C:\xampp\htdocs\puskesmas\public\index.php(37): CodeIgniter\CodeIgniter->run()
#5 C:\xampp\htdocs\puskesmas\system\Commands\Server\rewrite.php(43): require_once('C:\\xampp\\htdocs...')
#6 {main}
CRITICAL - 2022-06-16 02:39:52 --> Cannot use object of type stdClass as array
#0 C:\xampp\htdocs\puskesmas\system\View\View.php(210): include()
#1 C:\xampp\htdocs\puskesmas\system\View\View.php(213): CodeIgniter\View\View->CodeIgniter\View\{closure}()
#2 C:\xampp\htdocs\puskesmas\system\Common.php(1089): CodeIgniter\View\View->render('admin/v_dpoli', Array, true)
#3 C:\xampp\htdocs\puskesmas\app\Controllers\Puskesmas.php(65): view('admin/v_dpoli', Array)
#4 C:\xampp\htdocs\puskesmas\system\CodeIgniter.php(825): App\Controllers\Puskesmas->dpoli()
#5 C:\xampp\htdocs\puskesmas\system\CodeIgniter.php(412): CodeIgniter\CodeIgniter->runController(Object(App\Controllers\Puskesmas))
#6 C:\xampp\htdocs\puskesmas\system\CodeIgniter.php(320): CodeIgniter\CodeIgniter->handleRequest(NULL, Object(Config\Cache), false)
#7 C:\xampp\htdocs\puskesmas\public\index.php(37): CodeIgniter\CodeIgniter->run()
#8 C:\xampp\htdocs\puskesmas\system\Commands\Server\rewrite.php(43): require_once('C:\\xampp\\htdocs...')
#9 {main}
CRITICAL - 2022-06-16 02:48:40 --> syntax error, unexpected ';', expecting ']'
#0 C:\xampp\htdocs\puskesmas\system\Router\Router.php(175): CodeIgniter\Router\Router->autoRoute('puskesmas/tpoli')
#1 C:\xampp\htdocs\puskesmas\system\CodeIgniter.php(719): CodeIgniter\Router\Router->handle('puskesmas/tpoli')
#2 C:\xampp\htdocs\puskesmas\system\CodeIgniter.php(361): CodeIgniter\CodeIgniter->tryToRouteIt(Object(CodeIgniter\Router\RouteCollection))
#3 C:\xampp\htdocs\puskesmas\system\CodeIgniter.php(320): CodeIgniter\CodeIgniter->handleRequest(NULL, Object(Config\Cache), false)
#4 C:\xampp\htdocs\puskesmas\public\index.php(37): CodeIgniter\CodeIgniter->run()
#5 C:\xampp\htdocs\puskesmas\system\Commands\Server\rewrite.php(43): require_once('C:\\xampp\\htdocs...')
#6 {main}
CRITICAL - 2022-06-16 02:48:53 --> syntax error, unexpected ';', expecting ']'
#0 C:\xampp\htdocs\puskesmas\system\Router\Router.php(175): CodeIgniter\Router\Router->autoRoute('puskesmas/tpoli')
#1 C:\xampp\htdocs\puskesmas\system\CodeIgniter.php(719): CodeIgniter\Router\Router->handle('puskesmas/tpoli')
#2 C:\xampp\htdocs\puskesmas\system\CodeIgniter.php(361): CodeIgniter\CodeIgniter->tryToRouteIt(Object(CodeIgniter\Router\RouteCollection))
#3 C:\xampp\htdocs\puskesmas\system\CodeIgniter.php(320): CodeIgniter\CodeIgniter->handleRequest(NULL, Object(Config\Cache), false)
#4 C:\xampp\htdocs\puskesmas\public\index.php(37): CodeIgniter\CodeIgniter->run()
#5 C:\xampp\htdocs\puskesmas\system\Commands\Server\rewrite.php(43): require_once('C:\\xampp\\htdocs...')
#6 {main}
CRITICAL - 2022-06-16 02:48:57 --> syntax error, unexpected ';', expecting ']'
#0 C:\xampp\htdocs\puskesmas\system\Router\Router.php(175): CodeIgniter\Router\Router->autoRoute('puskesmas/tpoli')
#1 C:\xampp\htdocs\puskesmas\system\CodeIgniter.php(719): CodeIgniter\Router\Router->handle('puskesmas/tpoli')
#2 C:\xampp\htdocs\puskesmas\system\CodeIgniter.php(361): CodeIgniter\CodeIgniter->tryToRouteIt(Object(CodeIgniter\Router\RouteCollection))
#3 C:\xampp\htdocs\puskesmas\system\CodeIgniter.php(320): CodeIgniter\CodeIgniter->handleRequest(NULL, Object(Config\Cache), false)
#4 C:\xampp\htdocs\puskesmas\public\index.php(37): CodeIgniter\CodeIgniter->run()
#5 C:\xampp\htdocs\puskesmas\system\Commands\Server\rewrite.php(43): require_once('C:\\xampp\\htdocs...')
#6 {main}
CRITICAL - 2022-06-16 02:49:29 --> syntax error, unexpected ',', expecting ';'
#0 C:\xampp\htdocs\puskesmas\system\Router\Router.php(175): CodeIgniter\Router\Router->autoRoute('puskesmas/tpoli')
#1 C:\xampp\htdocs\puskesmas\system\CodeIgniter.php(719): CodeIgniter\Router\Router->handle('puskesmas/tpoli')
#2 C:\xampp\htdocs\puskesmas\system\CodeIgniter.php(361): CodeIgniter\CodeIgniter->tryToRouteIt(Object(CodeIgniter\Router\RouteCollection))
#3 C:\xampp\htdocs\puskesmas\system\CodeIgniter.php(320): CodeIgniter\CodeIgniter->handleRequest(NULL, Object(Config\Cache), false)
#4 C:\xampp\htdocs\puskesmas\public\index.php(37): CodeIgniter\CodeIgniter->run()
#5 C:\xampp\htdocs\puskesmas\system\Commands\Server\rewrite.php(43): require_once('C:\\xampp\\htdocs...')
#6 {main}
CRITICAL - 2022-06-16 03:16:11 --> Too few arguments to function App\Controllers\Puskesmas::hpoliAksi(), 0 passed in C:\xampp\htdocs\puskesmas\system\CodeIgniter.php on line 825 and exactly 1 expected
#0 C:\xampp\htdocs\puskesmas\system\CodeIgniter.php(825): App\Controllers\Puskesmas->hpoliAksi()
#1 C:\xampp\htdocs\puskesmas\system\CodeIgniter.php(412): CodeIgniter\CodeIgniter->runController(Object(App\Controllers\Puskesmas))
#2 C:\xampp\htdocs\puskesmas\system\CodeIgniter.php(320): CodeIgniter\CodeIgniter->handleRequest(NULL, Object(Config\Cache), false)
#3 C:\xampp\htdocs\puskesmas\public\index.php(37): CodeIgniter\CodeIgniter->run()
#4 C:\xampp\htdocs\puskesmas\system\Commands\Server\rewrite.php(43): require_once('C:\\xampp\\htdocs...')
#5 {main}
ERROR - 2022-06-16 09:26:04 --> Error connecting to the database: No connection could be made because the target machine actively refused it.

CRITICAL - 2022-06-16 09:26:04 --> Unable to connect to the database.
Main connection [MySQLi]: No connection could be made because the target machine actively refused it.

#0 C:\xampp\htdocs\puskesmas\system\Database\BaseConnection.php(577): CodeIgniter\Database\BaseConnection->initialize()
#1 C:\xampp\htdocs\puskesmas\system\Database\BaseBuilder.php(1455): CodeIgniter\Database\BaseConnection->query('SELECT *\nFROM `...', Array, false)
#2 C:\xampp\htdocs\puskesmas\app\Models\M_login.php(16): CodeIgniter\Database\BaseBuilder->get()
#3 C:\xampp\htdocs\puskesmas\app\Controllers\login.php(21): App\Models\M_login->cekData('admin@gmail.com')
#4 C:\xampp\htdocs\puskesmas\system\CodeIgniter.php(825): App\Controllers\Login->cekLogin()
#5 C:\xampp\htdocs\puskesmas\system\CodeIgniter.php(412): CodeIgniter\CodeIgniter->runController(Object(App\Controllers\Login))
#6 C:\xampp\htdocs\puskesmas\system\CodeIgniter.php(320): CodeIgniter\CodeIgniter->handleRequest(NULL, Object(Config\Cache), false)
#7 C:\xampp\htdocs\puskesmas\public\index.php(37): CodeIgniter\CodeIgniter->run()
#8 C:\xampp\htdocs\puskesmas\system\Commands\Server\rewrite.php(43): require_once('C:\\xampp\\htdocs...')
#9 {main}
